2025-05-24 15:36:51,247 | INFO | Starting simulation...
2025-05-24 15:36:51,248 | INFO | [t=0.0] Elevator-0 initialized at floor 0, kapazitaet=5
2025-05-24 15:36:51,248 | INFO | [t=0.0] Elevator-1 initialized at floor 0, kapazitaet=5
2025-05-24 15:36:51,248 | INFO | [t=0.0] Elevator-2 initialized at floor 0, kapazitaet=5
2025-05-24 15:37:11,260 | INFO | [t=27.6] Person-0(start=0, target=0, now=0) spawnt im EG und bleibt dort idle.
2025-05-24 15:37:11,260 | INFO | [t=27.6] Person-0(start=0, target=0, now=0) wartet im EG und verlässt das Gebäude.
2025-05-24 15:37:29,220 | INFO | [t=54.5] Person-1(start=0, target=0, now=0) spawnt im EG und bleibt dort idle.
2025-05-24 15:37:29,220 | INFO | [t=54.6] Person-1(start=0, target=0, now=0) wartet im EG und verlässt das Gebäude.
2025-05-24 15:37:41,251 | INFO | [t=67.1] NEUE Person-2(start=0, target=1, now=0) spawnt im EG, Ziel=1
2025-05-24 15:37:41,251 | INFO | [t=67.2] Elevator-0(floor=0, IDLE, people=0) added new target floor 0
2025-05-24 15:37:41,251 | INFO | [t=67.2] Dispatcher forwarded request from floor 0 to Elevator-0(floor=0, IDLE, people=0)
2025-05-24 15:37:41,251 | INFO | [t=67.2] Elevator-1(floor=0, IDLE, people=0) added new target floor 0
2025-05-24 15:37:41,252 | INFO | [t=67.2] Dispatcher forwarded request from floor 0 to Elevator-1(floor=0, IDLE, people=0)
2025-05-24 15:37:41,252 | INFO | [t=67.2] Elevator-2(floor=0, IDLE, people=0) added new target floor 0
2025-05-24 15:37:41,252 | INFO | [t=67.2] Dispatcher forwarded request from floor 0 to Elevator-2(floor=0, IDLE, people=0)
2025-05-24 15:37:41,252 | INFO | [t=67.4] Elevator-0(floor=0, IDLE, people=0) resumes from IDLE after 67.2s
2025-05-24 15:37:41,252 | INFO | [t=67.4] Elevator-1(floor=0, IDLE, people=0) resumes from IDLE after 67.2s
2025-05-24 15:37:41,252 | INFO | [t=67.4] Elevator-2(floor=0, IDLE, people=0) resumes from IDLE after 67.2s
2025-05-24 15:37:41,252 | INFO | [t=67.4] Elevator-0(floor=0, IDLE, people=0) reached target floor 0
2025-05-24 15:37:41,252 | INFO | [t=67.4] Elevator-0(floor=0, IDLE, people=0) stopping at floor 0
2025-05-24 15:37:41,253 | INFO | [t=67.4] Elevator-1(floor=0, IDLE, people=0) reached target floor 0
2025-05-24 15:37:41,253 | INFO | [t=67.4] Elevator-1(floor=0, IDLE, people=0) stopping at floor 0
2025-05-24 15:37:41,253 | INFO | [t=67.4] Elevator-2(floor=0, IDLE, people=0) reached target floor 0
2025-05-24 15:37:41,253 | INFO | [t=67.4] Elevator-2(floor=0, IDLE, people=0) stopping at floor 0
2025-05-24 15:37:41,253 | INFO | [t=67.4] Elevator-0(floor=0, IDLE, people=1) added new target floor 1
2025-05-24 15:37:41,253 | INFO | [t=67.4] Person-2(start=0, target=1, now=0) entered Elevator-0(floor=0, IDLE, people=1) at floor 0, target=1 (waited 0.3s)
2025-05-24 15:37:41,253 | INFO | [t=67.9] Elevator-1(floor=0, IDLE, people=0) has no next target, setting direction to IDLE
2025-05-24 15:37:41,253 | INFO | [t=67.9] Elevator-1(floor=0, IDLE, people=0) has no next target, staying on floor 0
2025-05-24 15:37:41,253 | INFO | [t=67.9] Elevator-2(floor=0, IDLE, people=0) has no next target, setting direction to IDLE
2025-05-24 15:37:41,253 | INFO | [t=67.9] Elevator-2(floor=0, IDLE, people=0) has no next target, staying on floor 0
2025-05-24 15:37:41,254 | INFO | [t=67.9] Elevator-0(floor=0, IDLE, people=1) next target updated to 1
2025-05-24 15:37:41,254 | INFO | [t=67.9] Elevator-0(floor=0, UP, people=1) was IDLE, setting direction to UP (current floor: 0, target: 1)
2025-05-24 15:37:41,254 | INFO | [t=67.9] Elevator-0(floor=0, UP, people=1) moving UP from floor 0 to floor 1 (target: 1)
2025-05-24 15:37:42,603 | INFO | [t=69.1] Elevator-0(floor=1, UP, people=1) reached target floor 1
2025-05-24 15:37:42,603 | INFO | [t=69.1] Elevator-0(floor=1, UP, people=1) stopping at floor 1
2025-05-24 15:37:42,603 | INFO | [t=69.1] Person-2(start=0, target=1, now=1) exited Elevator-0(floor=1, UP, people=0) at floor 1 (ride time: 1.7s)
2025-05-24 15:37:42,603 | INFO | [t=69.6] Elevator-0(floor=1, UP, people=0) has no next target, setting direction to IDLE
2025-05-24 15:37:42,604 | INFO | [t=69.6] Elevator-0(floor=1, IDLE, people=0) has no next target, staying on floor 1
2025-05-24 15:37:43,275 | INFO | [t=70.0] Person-2(start=0, target=3, now=1) auf Floor-1 wählt neues Ziel 3 (UP).
2025-05-24 15:37:43,275 | INFO | [t=70.0] Elevator-0(floor=1, IDLE, people=0) added new target floor 1
2025-05-24 15:37:43,275 | INFO | [t=70.0] Dispatcher forwarded request from floor 1 to Elevator-0(floor=1, IDLE, people=0)
2025-05-24 15:37:43,275 | INFO | [t=70.0] Elevator-1(floor=0, IDLE, people=0) added new target floor 1
2025-05-24 15:37:43,275 | INFO | [t=70.0] Dispatcher forwarded request from floor 1 to Elevator-1(floor=0, IDLE, people=0)
2025-05-24 15:37:43,275 | INFO | [t=70.0] Elevator-2(floor=0, IDLE, people=0) added new target floor 1
2025-05-24 15:37:43,276 | INFO | [t=70.0] Dispatcher forwarded request from floor 1 to Elevator-2(floor=0, IDLE, people=0)
2025-05-24 15:37:43,276 | INFO | [t=70.1] Elevator-1(floor=0, IDLE, people=0) resumes from IDLE after 2.0s
2025-05-24 15:37:43,276 | INFO | [t=70.1] Elevator-2(floor=0, IDLE, people=0) resumes from IDLE after 2.0s
2025-05-24 15:37:43,276 | INFO | [t=70.1] Elevator-1(floor=0, IDLE, people=0) next target updated to 1
2025-05-24 15:37:43,276 | INFO | [t=70.1] Elevator-1(floor=0, UP, people=0) was IDLE, setting direction to UP (current floor: 0, target: 1)
2025-05-24 15:37:43,276 | INFO | [t=70.1] Elevator-1(floor=0, UP, people=0) moving UP from floor 0 to floor 1 (target: 1)
2025-05-24 15:37:43,276 | INFO | [t=70.1] Elevator-2(floor=0, IDLE, people=0) next target updated to 1
2025-05-24 15:37:43,276 | INFO | [t=70.1] Elevator-2(floor=0, UP, people=0) was IDLE, setting direction to UP (current floor: 0, target: 1)
2025-05-24 15:37:43,276 | INFO | [t=70.1] Elevator-2(floor=0, UP, people=0) moving UP from floor 0 to floor 1 (target: 1)
2025-05-24 15:37:43,276 | INFO | [t=70.2] Elevator-0(floor=1, IDLE, people=0) resumes from IDLE after 0.4s
2025-05-24 15:37:43,277 | INFO | [t=70.2] Elevator-0(floor=1, IDLE, people=0) reached target floor 1
2025-05-24 15:37:43,277 | INFO | [t=70.2] Elevator-0(floor=1, IDLE, people=0) stopping at floor 1
2025-05-24 15:37:43,277 | INFO | [t=70.2] Elevator-0(floor=1, IDLE, people=1) added new target floor 3
2025-05-24 15:37:43,277 | INFO | [t=70.2] Person-2(start=0, target=3, now=1) entered Elevator-0(floor=1, IDLE, people=1) at floor 1, target=3 (waited 0.2s)
2025-05-24 15:37:43,277 | INFO | [t=70.7] Elevator-0(floor=1, IDLE, people=1) next target updated to 3
2025-05-24 15:37:43,277 | INFO | [t=70.7] Elevator-0(floor=1, UP, people=1) was IDLE, setting direction to UP (current floor: 1, target: 3)
2025-05-24 15:37:43,277 | INFO | [t=70.7] Elevator-0(floor=1, UP, people=1) moving UP from floor 1 to floor 2 (target: 3)
2025-05-24 15:37:43,947 | INFO | [t=71.3] Elevator-1(floor=1, UP, people=0) reached target floor 1
2025-05-24 15:37:43,947 | INFO | [t=71.3] Elevator-1(floor=1, UP, people=0) stopping at floor 1
2025-05-24 15:37:43,947 | INFO | [t=71.3] Elevator-2(floor=1, UP, people=0) reached target floor 1
2025-05-24 15:37:43,947 | INFO | [t=71.3] Elevator-2(floor=1, UP, people=0) stopping at floor 1
2025-05-24 15:37:43,947 | INFO | [t=71.8] Elevator-1(floor=1, UP, people=0) has no next target, setting direction to IDLE
2025-05-24 15:37:43,948 | INFO | [t=71.8] Elevator-1(floor=1, IDLE, people=0) has no next target, staying on floor 1
2025-05-24 15:37:43,948 | INFO | [t=71.8] Elevator-2(floor=1, UP, people=0) has no next target, setting direction to IDLE
2025-05-24 15:37:43,948 | INFO | [t=71.8] Elevator-2(floor=1, IDLE, people=0) has no next target, staying on floor 1
2025-05-24 15:37:43,948 | INFO | [t=71.9] Elevator-0(floor=2, UP, people=1) moving UP from floor 2 to floor 3 (target: 3)
2025-05-24 15:37:45,262 | INFO | [t=73.1] Elevator-0(floor=3, UP, people=1) reached target floor 3
2025-05-24 15:37:45,262 | INFO | [t=73.1] Elevator-0(floor=3, UP, people=1) stopping at floor 3
2025-05-24 15:37:45,262 | INFO | [t=73.1] Person-2(start=0, target=3, now=3) exited Elevator-0(floor=3, UP, people=0) at floor 3 (ride time: 2.9s)
2025-05-24 15:37:45,263 | INFO | [t=73.6] Elevator-0(floor=3, UP, people=0) has no next target, setting direction to IDLE
2025-05-24 15:37:45,263 | INFO | [t=73.6] Elevator-0(floor=3, IDLE, people=0) has no next target, staying on floor 3
2025-05-24 15:37:47,303 | INFO | [t=76.8] NEUE Person-3(start=0, target=8, now=0) spawnt im EG, Ziel=8
2025-05-24 15:37:47,303 | INFO | [t=76.8] Elevator-0(floor=3, IDLE, people=0) added new target floor 0
2025-05-24 15:37:47,303 | INFO | [t=76.8] Dispatcher forwarded request from floor 0 to Elevator-0(floor=3, IDLE, people=0)
2025-05-24 15:37:47,303 | INFO | [t=76.8] Elevator-1(floor=1, IDLE, people=0) added new target floor 0
2025-05-24 15:37:47,304 | INFO | [t=76.8] Dispatcher forwarded request from floor 0 to Elevator-1(floor=1, IDLE, people=0)
2025-05-24 15:37:47,304 | INFO | [t=76.8] Elevator-2(floor=1, IDLE, people=0) added new target floor 0
2025-05-24 15:37:47,304 | INFO | [t=76.8] Dispatcher forwarded request from floor 0 to Elevator-2(floor=1, IDLE, people=0)
2025-05-24 15:37:47,970 | INFO | [t=77.0] Elevator-0(floor=3, IDLE, people=0) resumes from IDLE after 3.2s
2025-05-24 15:37:47,970 | INFO | [t=77.0] Elevator-0(floor=3, IDLE, people=0) next target updated to 0
2025-05-24 15:37:47,970 | INFO | [t=77.0] Elevator-0(floor=3, DOWN, people=0) was IDLE, setting direction to DOWN (current floor: 3, target: 0)
2025-05-24 15:37:47,970 | INFO | [t=77.0] Elevator-0(floor=3, DOWN, people=0) moving DOWN from floor 3 to floor 2 (target: 0)
2025-05-24 15:37:47,971 | INFO | [t=77.0] Elevator-1(floor=1, IDLE, people=0) resumes from IDLE after 5.0s
2025-05-24 15:37:47,971 | INFO | [t=77.0] Elevator-2(floor=1, IDLE, people=0) resumes from IDLE after 5.0s
2025-05-24 15:37:47,971 | INFO | [t=77.0] Elevator-1(floor=1, IDLE, people=0) next target updated to 0
2025-05-24 15:37:47,971 | INFO | [t=77.0] Elevator-1(floor=1, DOWN, people=0) was IDLE, setting direction to DOWN (current floor: 1, target: 0)
2025-05-24 15:37:47,971 | INFO | [t=77.0] Elevator-1(floor=1, DOWN, people=0) moving DOWN from floor 1 to floor 0 (target: 0)
2025-05-24 15:37:47,971 | INFO | [t=77.0] Elevator-2(floor=1, IDLE, people=0) next target updated to 0
2025-05-24 15:37:47,971 | INFO | [t=77.0] Elevator-2(floor=1, DOWN, people=0) was IDLE, setting direction to DOWN (current floor: 1, target: 0)
2025-05-24 15:37:47,971 | INFO | [t=77.0] Elevator-2(floor=1, DOWN, people=0) moving DOWN from floor 1 to floor 0 (target: 0)
2025-05-24 15:37:47,971 | INFO | [t=77.8] Person-4(start=0, target=0, now=0) spawnt im EG und bleibt dort idle.
2025-05-24 15:37:47,971 | INFO | [t=77.8] Person-4(start=0, target=0, now=0) wartet im EG und verlässt das Gebäude.
2025-05-24 15:37:48,635 | INFO | [t=78.0] Elevator-1(floor=0, IDLE, people=0) hit bottom floor with no more targets, going IDLE
2025-05-24 15:37:48,635 | INFO | [t=78.0] Elevator-2(floor=0, IDLE, people=0) hit bottom floor with no more targets, going IDLE
2025-05-24 15:37:48,635 | INFO | [t=78.2] Elevator-0(floor=2, DOWN, people=0) moving DOWN from floor 2 to floor 1 (target: 0)
2025-05-24 15:37:48,635 | INFO | [t=78.2] Elevator-1(floor=0, IDLE, people=0) reached target floor 0
2025-05-24 15:37:48,636 | INFO | [t=78.2] Elevator-1(floor=0, IDLE, people=0) stopping at floor 0
2025-05-24 15:37:48,636 | INFO | [t=78.2] Elevator-2(floor=0, IDLE, people=0) reached target floor 0
2025-05-24 15:37:48,636 | INFO | [t=78.2] Elevator-2(floor=0, IDLE, people=0) stopping at floor 0
2025-05-24 15:37:48,636 | INFO | [t=78.2] Elevator-1(floor=0, IDLE, people=1) added new target floor 8
2025-05-24 15:37:48,636 | INFO | [t=78.2] Person-3(start=0, target=8, now=0) entered Elevator-1(floor=0, IDLE, people=1) at floor 0, target=8 (waited 1.4s)
2025-05-24 15:37:48,636 | INFO | [t=78.7] Elevator-2(floor=0, IDLE, people=0) has no next target, setting direction to IDLE
2025-05-24 15:37:48,636 | INFO | [t=78.7] Elevator-2(floor=0, IDLE, people=0) has no next target, staying on floor 0
2025-05-24 15:37:48,636 | INFO | [t=78.7] Elevator-1(floor=0, IDLE, people=1) next target updated to 8
2025-05-24 15:37:48,636 | INFO | [t=78.7] Elevator-1(floor=0, UP, people=1) was IDLE, setting direction to UP (current floor: 0, target: 8)
2025-05-24 15:37:48,637 | INFO | [t=78.7] Elevator-1(floor=0, UP, people=1) moving UP from floor 0 to floor 1 (target: 8)
2025-05-24 15:37:49,291 | INFO | [t=79.4] Elevator-0(floor=1, DOWN, people=0) moving DOWN from floor 1 to floor 0 (target: 0)
2025-05-24 15:37:49,291 | INFO | [t=79.9] Elevator-1(floor=1, UP, people=1) moving UP from floor 1 to floor 2 (target: 8)
2025-05-24 15:37:49,952 | INFO | [t=80.0] Person-2(start=0, target=5, now=3) auf Floor-3 wählt neues Ziel 5 (UP).
2025-05-24 15:37:49,952 | INFO | [t=80.0] Elevator-0(floor=1, DOWN, people=0) added new target floor 3
2025-05-24 15:37:49,952 | INFO | [t=80.0] Dispatcher forwarded request from floor 3 to Elevator-0(floor=1, DOWN, people=0)
2025-05-24 15:37:49,952 | INFO | [t=80.0] Elevator-1(floor=1, UP, people=1) added new target floor 3
2025-05-24 15:37:49,952 | INFO | [t=80.0] Dispatcher forwarded request from floor 3 to Elevator-1(floor=1, UP, people=1)
2025-05-24 15:37:49,952 | INFO | [t=80.0] Elevator-2(floor=0, IDLE, people=0) added new target floor 3
2025-05-24 15:37:49,952 | INFO | [t=80.0] Dispatcher forwarded request from floor 3 to Elevator-2(floor=0, IDLE, people=0)
2025-05-24 15:37:49,953 | INFO | [t=80.1] Elevator-2(floor=0, IDLE, people=0) resumes from IDLE after 1.2s
2025-05-24 15:37:49,953 | INFO | [t=80.1] Elevator-2(floor=0, IDLE, people=0) next target updated to 3
2025-05-24 15:37:49,953 | INFO | [t=80.1] Elevator-2(floor=0, UP, people=0) was IDLE, setting direction to UP (current floor: 0, target: 3)
2025-05-24 15:37:49,953 | INFO | [t=80.1] Elevator-2(floor=0, UP, people=0) moving UP from floor 0 to floor 1 (target: 3)
2025-05-24 15:37:49,953 | INFO | [t=80.4] Elevator-0(floor=0, UP, people=0) hit bottom floor, reversing direction to UP
2025-05-24 15:37:49,953 | INFO | [t=80.6] Elevator-0(floor=0, UP, people=0) reached target floor 0
2025-05-24 15:37:49,953 | INFO | [t=80.6] Elevator-0(floor=0, UP, people=0) stopping at floor 0
2025-05-24 15:37:50,615 | INFO | [t=81.1] Elevator-0(floor=0, UP, people=0) next target updated to 3
2025-05-24 15:37:50,615 | INFO | [t=81.1] Elevator-0(floor=0, UP, people=0) moving UP from floor 0 to floor 1 (target: 3)
2025-05-24 15:37:50,615 | INFO | [t=81.1] Elevator-1(floor=2, UP, people=1) next target updated to 3
2025-05-24 15:37:50,615 | INFO | [t=81.1] Elevator-1(floor=2, UP, people=1) moving UP from floor 2 to floor 3 (target: 3)
2025-05-24 15:37:50,616 | INFO | [t=81.3] Elevator-2(floor=1, UP, people=0) moving UP from floor 1 to floor 2 (target: 3)
2025-05-24 15:37:51,313 | INFO | [t=82.3] Elevator-0(floor=1, UP, people=0) moving UP from floor 1 to floor 2 (target: 3)
2025-05-24 15:37:51,313 | INFO | [t=82.3] Elevator-1(floor=3, UP, people=1) reached target floor 3
2025-05-24 15:37:51,313 | INFO | [t=82.3] Elevator-1(floor=3, UP, people=1) stopping at floor 3
2025-05-24 15:37:51,313 | INFO | [t=82.3] Elevator-1(floor=3, UP, people=2) added new target floor 5
2025-05-24 15:37:51,313 | INFO | [t=82.3] Person-2(start=0, target=5, now=3) entered Elevator-1(floor=3, UP, people=2) at floor 3, target=5 (waited 2.3s)
2025-05-24 15:37:51,313 | INFO | [t=82.5] Elevator-2(floor=2, UP, people=0) moving UP from floor 2 to floor 3 (target: 3)
2025-05-24 15:37:51,314 | INFO | [t=82.8] Elevator-1(floor=3, UP, people=2) next target updated to 5
2025-05-24 15:37:51,314 | INFO | [t=82.8] Elevator-1(floor=3, UP, people=2) moving UP from floor 3 to floor 4 (target: 5)
2025-05-24 15:37:51,967 | INFO | [t=83.5] Elevator-0(floor=2, UP, people=0) moving UP from floor 2 to floor 3 (target: 3)
2025-05-24 15:37:51,967 | INFO | [t=83.7] Elevator-2(floor=3, UP, people=0) reached target floor 3
2025-05-24 15:37:51,967 | INFO | [t=83.7] Elevator-2(floor=3, UP, people=0) stopping at floor 3
2025-05-24 15:37:52,633 | INFO | [t=84.0] Elevator-1(floor=4, UP, people=2) moving UP from floor 4 to floor 5 (target: 5)
2025-05-24 15:37:52,633 | INFO | [t=84.2] Elevator-2(floor=3, UP, people=0) has no next target, setting direction to IDLE
2025-05-24 15:37:52,633 | INFO | [t=84.2] Elevator-2(floor=3, IDLE, people=0) has no next target, staying on floor 3
2025-05-24 15:37:52,633 | INFO | [t=84.7] Elevator-0(floor=3, UP, people=0) reached target floor 3
2025-05-24 15:37:52,633 | INFO | [t=84.7] Elevator-0(floor=3, UP, people=0) stopping at floor 3
2025-05-24 15:37:53,290 | INFO | [t=85.2] Elevator-0(floor=3, UP, people=0) has no next target, setting direction to IDLE
2025-05-24 15:37:53,290 | INFO | [t=85.2] Elevator-0(floor=3, IDLE, people=0) has no next target, staying on floor 3
2025-05-24 15:37:53,290 | INFO | [t=85.2] Elevator-1(floor=5, UP, people=2) reached target floor 5
2025-05-24 15:37:53,291 | INFO | [t=85.2] Elevator-1(floor=5, UP, people=2) stopping at floor 5
2025-05-24 15:37:53,291 | INFO | [t=85.2] Person-2(start=0, target=5, now=5) exited Elevator-1(floor=5, UP, people=1) at floor 5 (ride time: 2.9s)
2025-05-24 15:37:53,291 | INFO | [t=85.7] Elevator-1(floor=5, UP, people=1) next target updated to 8
2025-05-24 15:37:53,291 | INFO | [t=85.7] Elevator-1(floor=5, UP, people=1) moving UP from floor 5 to floor 6 (target: 8)
2025-05-24 15:37:53,956 | INFO | [t=86.9] Elevator-1(floor=6, UP, people=1) moving UP from floor 6 to floor 7 (target: 8)
2025-05-24 15:37:53,956 | INFO | [t=86.9] NEUE Person-5(start=0, target=9, now=0) spawnt im EG, Ziel=9
2025-05-24 15:37:54,613 | INFO | [t=87.0] Elevator-0(floor=3, IDLE, people=0) added new target floor 0
2025-05-24 15:37:54,613 | INFO | [t=87.0] Dispatcher forwarded request from floor 0 to Elevator-0(floor=3, IDLE, people=0)
2025-05-24 15:37:54,613 | INFO | [t=87.0] Elevator-1(floor=6, UP, people=1) added new target floor 0
2025-05-24 15:37:54,613 | INFO | [t=87.0] Dispatcher forwarded request from floor 0 to Elevator-1(floor=6, UP, people=1)
2025-05-24 15:37:54,614 | INFO | [t=87.0] Elevator-2(floor=3, IDLE, people=0) added new target floor 0
2025-05-24 15:37:54,614 | INFO | [t=87.0] Dispatcher forwarded request from floor 0 to Elevator-2(floor=3, IDLE, people=0)
2025-05-24 15:37:54,614 | INFO | [t=87.2] Elevator-0(floor=3, IDLE, people=0) resumes from IDLE after 1.8s
2025-05-24 15:37:54,614 | INFO | [t=87.2] Elevator-0(floor=3, IDLE, people=0) next target updated to 0
2025-05-24 15:37:54,614 | INFO | [t=87.2] Elevator-0(floor=3, DOWN, people=0) was IDLE, setting direction to DOWN (current floor: 3, target: 0)
2025-05-24 15:37:54,614 | INFO | [t=87.2] Elevator-0(floor=3, DOWN, people=0) moving DOWN from floor 3 to floor 2 (target: 0)
2025-05-24 15:37:54,614 | INFO | [t=87.2] Elevator-2(floor=3, IDLE, people=0) resumes from IDLE after 2.8s
2025-05-24 15:37:54,614 | INFO | [t=87.2] Elevator-2(floor=3, IDLE, people=0) next target updated to 0
2025-05-24 15:37:54,614 | INFO | [t=87.2] Elevator-2(floor=3, DOWN, people=0) was IDLE, setting direction to DOWN (current floor: 3, target: 0)
2025-05-24 15:37:54,615 | INFO | [t=87.2] Elevator-2(floor=3, DOWN, people=0) moving DOWN from floor 3 to floor 2 (target: 0)
2025-05-24 15:37:55,280 | INFO | [t=88.1] Elevator-1(floor=7, UP, people=1) moving UP from floor 7 to floor 8 (target: 8)
2025-05-24 15:37:55,280 | INFO | [t=88.4] Elevator-0(floor=2, DOWN, people=0) moving DOWN from floor 2 to floor 1 (target: 0)
2025-05-24 15:37:55,280 | INFO | [t=88.4] Elevator-2(floor=2, DOWN, people=0) moving DOWN from floor 2 to floor 1 (target: 0)
2025-05-24 15:37:55,981 | INFO | [t=89.3] Elevator-1(floor=8, UP, people=1) reached target floor 8
2025-05-24 15:37:55,981 | INFO | [t=89.3] Elevator-1(floor=8, UP, people=1) stopping at floor 8
2025-05-24 15:37:55,981 | INFO | [t=89.3] Person-3(start=0, target=8, now=8) exited Elevator-1(floor=8, UP, people=0) at floor 8 (ride time: 11.1s)
2025-05-24 15:37:55,981 | INFO | [t=89.6] Elevator-0(floor=1, DOWN, people=0) moving DOWN from floor 1 to floor 0 (target: 0)
2025-05-24 15:37:55,982 | INFO | [t=89.6] Elevator-2(floor=1, DOWN, people=0) moving DOWN from floor 1 to floor 0 (target: 0)
2025-05-24 15:37:55,982 | INFO | [t=89.8] Elevator-1(floor=8, UP, people=0) next target updated to 0
2025-05-24 15:37:55,982 | INFO | [t=89.8] Elevator-1(floor=8, DOWN, people=0) no more UP targets, changing direction to DOWN
2025-05-24 15:37:55,982 | INFO | [t=89.8] Elevator-1(floor=8, DOWN, people=0) moving DOWN from floor 8 to floor 7 (target: 0)
2025-05-24 15:37:56,644 | INFO | [t=90.0] Person-3(start=0, target=7, now=8) auf Floor-8 wählt neues Ziel 7 (DOWN).
2025-05-24 15:37:56,644 | INFO | [t=90.0] Elevator-0(floor=1, DOWN, people=0) added new target floor 8
2025-05-24 15:37:56,644 | INFO | [t=90.0] Dispatcher forwarded request from floor 8 to Elevator-0(floor=1, DOWN, people=0)
2025-05-24 15:37:56,644 | INFO | [t=90.0] Elevator-1(floor=8, DOWN, people=0) added new target floor 8
2025-05-24 15:37:56,644 | INFO | [t=90.0] Dispatcher forwarded request from floor 8 to Elevator-1(floor=8, DOWN, people=0)
2025-05-24 15:37:56,644 | INFO | [t=90.0] Elevator-2(floor=1, DOWN, people=0) added new target floor 8
2025-05-24 15:37:56,644 | INFO | [t=90.0] Dispatcher forwarded request from floor 8 to Elevator-2(floor=1, DOWN, people=0)
2025-05-24 15:37:56,645 | INFO | [t=90.6] Elevator-0(floor=0, UP, people=0) hit bottom floor, reversing direction to UP
2025-05-24 15:37:56,645 | INFO | [t=90.6] Elevator-2(floor=0, UP, people=0) hit bottom floor, reversing direction to UP
2025-05-24 15:37:56,645 | INFO | [t=90.8] Elevator-0(floor=0, UP, people=0) reached target floor 0
2025-05-24 15:37:56,645 | INFO | [t=90.8] Elevator-0(floor=0, UP, people=0) stopping at floor 0
2025-05-24 15:37:56,645 | INFO | [t=90.8] Elevator-0(floor=0, UP, people=1) added new target floor 9
2025-05-24 15:37:56,645 | INFO | [t=90.8] Person-5(start=0, target=9, now=0) entered Elevator-0(floor=0, UP, people=1) at floor 0, target=9 (waited 3.9s)
2025-05-24 15:37:56,645 | INFO | [t=90.8] Elevator-2(floor=0, UP, people=0) reached target floor 0
2025-05-24 15:37:56,645 | INFO | [t=90.8] Elevator-2(floor=0, UP, people=0) stopping at floor 0
2025-05-24 15:37:57,311 | INFO | [t=91.0] Elevator-1(floor=7, DOWN, people=0) moving DOWN from floor 7 to floor 6 (target: 0)
2025-05-24 15:37:57,311 | INFO | [t=91.3] Elevator-0(floor=0, UP, people=1) next target updated to 8
2025-05-24 15:37:57,311 | INFO | [t=91.3] Elevator-0(floor=0, UP, people=1) moving UP from floor 0 to floor 1 (target: 8)
2025-05-24 15:37:57,311 | INFO | [t=91.3] Elevator-2(floor=0, UP, people=0) next target updated to 8
2025-05-24 15:37:57,312 | INFO | [t=91.3] Elevator-2(floor=0, UP, people=0) moving UP from floor 0 to floor 1 (target: 8)
2025-05-24 15:37:57,968 | INFO | [t=92.2] Elevator-1(floor=6, DOWN, people=0) moving DOWN from floor 6 to floor 5 (target: 0)
2025-05-24 15:37:57,968 | INFO | [t=92.5] Elevator-0(floor=1, UP, people=1) moving UP from floor 1 to floor 2 (target: 8)
2025-05-24 15:37:57,968 | INFO | [t=92.5] Elevator-2(floor=1, UP, people=0) moving UP from floor 1 to floor 2 (target: 8)
2025-05-24 15:37:58,620 | INFO | [t=93.4] Elevator-1(floor=5, DOWN, people=0) moving DOWN from floor 5 to floor 4 (target: 0)
2025-05-24 15:37:58,621 | INFO | [t=93.7] Elevator-0(floor=2, UP, people=1) moving UP from floor 2 to floor 3 (target: 8)
2025-05-24 15:37:58,621 | INFO | [t=93.7] Elevator-2(floor=2, UP, people=0) moving UP from floor 2 to floor 3 (target: 8)
2025-05-24 15:37:59,290 | INFO | [t=94.6] Elevator-1(floor=4, DOWN, people=0) moving DOWN from floor 4 to floor 3 (target: 0)
2025-05-24 15:37:59,290 | INFO | [t=94.9] Elevator-0(floor=3, UP, people=1) moving UP from floor 3 to floor 4 (target: 8)
2025-05-24 15:37:59,290 | INFO | [t=94.9] Elevator-2(floor=3, UP, people=0) moving UP from floor 3 to floor 4 (target: 8)
2025-05-24 15:37:59,956 | INFO | [t=95.8] Elevator-1(floor=3, DOWN, people=0) moving DOWN from floor 3 to floor 2 (target: 0)
2025-05-24 15:38:00,660 | INFO | [t=96.1] Elevator-0(floor=4, UP, people=1) moving UP from floor 4 to floor 5 (target: 8)
2025-05-24 15:38:00,660 | INFO | [t=96.1] Elevator-2(floor=4, UP, people=0) moving UP from floor 4 to floor 5 (target: 8)
2025-05-24 15:38:01,313 | INFO | [t=97.0] Elevator-1(floor=2, DOWN, people=0) moving DOWN from floor 2 to floor 1 (target: 0)
2025-05-24 15:38:01,313 | INFO | [t=97.3] Elevator-0(floor=5, UP, people=1) moving UP from floor 5 to floor 6 (target: 8)
2025-05-24 15:38:01,313 | INFO | [t=97.3] Elevator-2(floor=5, UP, people=0) moving UP from floor 5 to floor 6 (target: 8)
2025-05-24 15:38:01,977 | INFO | [t=98.2] Elevator-1(floor=1, DOWN, people=0) moving DOWN from floor 1 to floor 0 (target: 0)
2025-05-24 15:38:01,977 | INFO | [t=98.5] Elevator-0(floor=6, UP, people=1) moving UP from floor 6 to floor 7 (target: 8)
2025-05-24 15:38:01,977 | INFO | [t=98.5] Elevator-2(floor=6, UP, people=0) moving UP from floor 6 to floor 7 (target: 8)
2025-05-24 15:38:02,633 | INFO | [t=99.2] Elevator-1(floor=0, UP, people=0) hit bottom floor, reversing direction to UP
2025-05-24 15:38:02,633 | INFO | [t=99.4] Elevator-1(floor=0, UP, people=0) reached target floor 0
2025-05-24 15:38:02,633 | INFO | [t=99.4] Elevator-1(floor=0, UP, people=0) stopping at floor 0
2025-05-24 15:38:02,633 | INFO | [t=99.7] Elevator-0(floor=7, UP, people=1) moving UP from floor 7 to floor 8 (target: 8)
2025-05-24 15:38:02,633 | INFO | [t=99.7] Elevator-2(floor=7, UP, people=0) moving UP from floor 7 to floor 8 (target: 8)
2025-05-24 15:38:02,634 | INFO | [t=99.9] Elevator-1(floor=0, UP, people=0) next target updated to 8
2025-05-24 15:38:02,634 | INFO | [t=99.9] Elevator-1(floor=0, UP, people=0) moving UP from floor 0 to floor 1 (target: 8)
2025-05-24 15:38:03,287 | INFO | [t=100.0] Person-2(start=0, target=7, now=5) auf Floor-5 wählt neues Ziel 7 (UP).
2025-05-24 15:38:03,287 | INFO | [t=100.0] Elevator-0(floor=7, UP, people=1) added new target floor 5
2025-05-24 15:38:03,287 | INFO | [t=100.0] Dispatcher forwarded request from floor 5 to Elevator-0(floor=7, UP, people=1)
2025-05-24 15:38:03,287 | INFO | [t=100.0] Elevator-1(floor=0, UP, people=0) added new target floor 5
2025-05-24 15:38:03,287 | INFO | [t=100.0] Dispatcher forwarded request from floor 5 to Elevator-1(floor=0, UP, people=0)
2025-05-24 15:38:03,288 | INFO | [t=100.0] Elevator-2(floor=7, UP, people=0) added new target floor 5
2025-05-24 15:38:03,288 | INFO | [t=100.0] Dispatcher forwarded request from floor 5 to Elevator-2(floor=7, UP, people=0)
2025-05-24 15:38:03,288 | INFO | [t=100.9] Elevator-0(floor=8, UP, people=1) reached target floor 8
2025-05-24 15:38:03,288 | INFO | [t=100.9] Elevator-0(floor=8, UP, people=1) stopping at floor 8
2025-05-24 15:38:03,288 | INFO | [t=100.9] Elevator-0(floor=8, UP, people=2) added new target floor 7
2025-05-24 15:38:03,288 | INFO | [t=100.9] Person-3(start=0, target=7, now=8) entered Elevator-0(floor=8, UP, people=2) at floor 8, target=7 (waited 10.9s)
2025-05-24 15:38:03,288 | INFO | [t=100.9] Elevator-2(floor=8, UP, people=0) reached target floor 8
2025-05-24 15:38:03,288 | INFO | [t=100.9] Elevator-2(floor=8, UP, people=0) stopping at floor 8
2025-05-24 15:38:03,952 | INFO | [t=101.1] Elevator-1(floor=1, UP, people=0) next target updated to 5
2025-05-24 15:38:03,952 | INFO | [t=101.1] Elevator-1(floor=1, UP, people=0) moving UP from floor 1 to floor 2 (target: 5)
2025-05-24 15:38:03,952 | INFO | [t=101.4] Elevator-0(floor=8, UP, people=2) next target updated to 9
2025-05-24 15:38:03,952 | INFO | [t=101.4] Elevator-0(floor=8, UP, people=2) moving UP from floor 8 to floor 9 (target: 9)
2025-05-24 15:38:03,953 | INFO | [t=101.4] Elevator-2(floor=8, UP, people=0) next target updated to 5
2025-05-24 15:38:03,953 | INFO | [t=101.4] Elevator-2(floor=8, DOWN, people=0) no more UP targets, changing direction to DOWN
2025-05-24 15:38:03,953 | INFO | [t=101.4] Elevator-2(floor=8, DOWN, people=0) moving DOWN from floor 8 to floor 7 (target: 5)
2025-05-24 15:38:03,953 | INFO | [t=101.5] NEUE Person-6(start=0, target=4, now=0) spawnt im EG, Ziel=4
2025-05-24 15:38:03,953 | INFO | [t=101.6] Elevator-0(floor=8, UP, people=2) added new target floor 0
2025-05-24 15:38:03,953 | INFO | [t=101.6] Dispatcher forwarded request from floor 0 to Elevator-0(floor=8, UP, people=2)
2025-05-24 15:38:03,953 | INFO | [t=101.6] Elevator-1(floor=1, UP, people=0) added new target floor 0
2025-05-24 15:38:03,953 | INFO | [t=101.6] Dispatcher forwarded request from floor 0 to Elevator-1(floor=1, UP, people=0)
2025-05-24 15:38:03,953 | INFO | [t=101.6] Elevator-2(floor=8, DOWN, people=0) added new target floor 0
2025-05-24 15:38:03,953 | INFO | [t=101.6] Dispatcher forwarded request from floor 0 to Elevator-2(floor=8, DOWN, people=0)
2025-05-24 15:38:04,651 | INFO | [t=102.3] Elevator-1(floor=2, UP, people=0) moving UP from floor 2 to floor 3 (target: 5)
2025-05-24 15:38:04,651 | INFO | [t=102.4] Elevator-0(floor=9, DOWN, people=2) hit top floor, reversing direction to DOWN
2025-05-24 15:38:04,652 | INFO | [t=102.6] Elevator-0(floor=9, DOWN, people=2) reached target floor 9
2025-05-24 15:38:04,652 | INFO | [t=102.6] Elevator-0(floor=9, DOWN, people=2) stopping at floor 9
2025-05-24 15:38:04,652 | INFO | [t=102.6] Person-5(start=0, target=9, now=9) exited Elevator-0(floor=9, DOWN, people=1) at floor 9 (ride time: 11.8s)
2025-05-24 15:38:04,652 | INFO | [t=102.6] Elevator-2(floor=7, DOWN, people=0) moving DOWN from floor 7 to floor 6 (target: 5)
2025-05-24 15:38:05,310 | INFO | [t=103.1] Elevator-0(floor=9, DOWN, people=1) next target updated to 7
2025-05-24 15:38:05,310 | INFO | [t=103.1] Elevator-0(floor=9, DOWN, people=1) moving DOWN from floor 9 to floor 8 (target: 7)
2025-05-24 15:38:05,310 | INFO | [t=103.5] Elevator-1(floor=3, UP, people=0) moving UP from floor 3 to floor 4 (target: 5)
2025-05-24 15:38:05,310 | INFO | [t=103.8] Elevator-2(floor=6, DOWN, people=0) moving DOWN from floor 6 to floor 5 (target: 5)
2025-05-24 15:38:05,976 | INFO | [t=104.3] Elevator-0(floor=8, DOWN, people=1) moving DOWN from floor 8 to floor 7 (target: 7)
2025-05-24 15:38:05,976 | INFO | [t=104.4] NEUE Person-7(start=0, target=3, now=0) spawnt im EG, Ziel=3
2025-05-24 15:38:05,977 | INFO | [t=104.7] Elevator-1(floor=4, UP, people=0) moving UP from floor 4 to floor 5 (target: 5)
2025-05-24 15:38:06,645 | INFO | [t=105.0] Elevator-2(floor=5, DOWN, people=0) reached target floor 5
2025-05-24 15:38:06,645 | INFO | [t=105.0] Elevator-2(floor=5, DOWN, people=0) stopping at floor 5
2025-05-24 15:38:06,645 | INFO | [t=105.0] Elevator-2(floor=5, DOWN, people=1) added new target floor 7
2025-05-24 15:38:06,645 | INFO | [t=105.0] Person-2(start=0, target=7, now=5) entered Elevator-2(floor=5, DOWN, people=1) at floor 5, target=7 (waited 5.0s)
2025-05-24 15:38:06,646 | INFO | [t=105.5] Elevator-0(floor=7, DOWN, people=1) reached target floor 7
2025-05-24 15:38:06,646 | INFO | [t=105.5] Elevator-0(floor=7, DOWN, people=1) stopping at floor 7
2025-05-24 15:38:06,646 | INFO | [t=105.5] Person-3(start=0, target=7, now=7) exited Elevator-0(floor=7, DOWN, people=0) at floor 7 (ride time: 4.6s)
2025-05-24 15:38:06,646 | INFO | [t=105.5] Elevator-2(floor=5, DOWN, people=1) next target updated to 0
2025-05-24 15:38:06,646 | INFO | [t=105.5] Elevator-2(floor=5, DOWN, people=1) moving DOWN from floor 5 to floor 4 (target: 0)
2025-05-24 15:38:06,646 | INFO | [t=105.9] Elevator-1(floor=5, UP, people=0) reached target floor 5
2025-05-24 15:38:06,646 | INFO | [t=105.9] Elevator-1(floor=5, UP, people=0) stopping at floor 5
2025-05-24 15:38:07,314 | INFO | [t=106.0] Elevator-0(floor=7, DOWN, people=0) next target updated to 5
2025-05-24 15:38:07,314 | INFO | [t=106.0] Elevator-0(floor=7, DOWN, people=0) moving DOWN from floor 7 to floor 6 (target: 5)
2025-05-24 15:38:07,314 | INFO | [t=106.4] Elevator-1(floor=5, UP, people=0) next target updated to 8
2025-05-24 15:38:07,314 | INFO | [t=106.4] Elevator-1(floor=5, UP, people=0) moving UP from floor 5 to floor 6 (target: 8)
2025-05-24 15:38:07,314 | INFO | [t=106.7] Elevator-2(floor=4, DOWN, people=1) moving DOWN from floor 4 to floor 3 (target: 0)
2025-05-24 15:38:07,983 | INFO | [t=107.2] Elevator-0(floor=6, DOWN, people=0) moving DOWN from floor 6 to floor 5 (target: 5)
2025-05-24 15:38:07,983 | INFO | [t=107.6] Elevator-1(floor=6, UP, people=0) moving UP from floor 6 to floor 7 (target: 8)
2025-05-24 15:38:07,983 | INFO | [t=107.9] Elevator-2(floor=3, DOWN, people=1) moving DOWN from floor 3 to floor 2 (target: 0)
2025-05-24 15:38:08,663 | INFO | [t=108.4] Elevator-0(floor=5, DOWN, people=0) reached target floor 5
2025-05-24 15:38:08,663 | INFO | [t=108.4] Elevator-0(floor=5, DOWN, people=0) stopping at floor 5
2025-05-24 15:38:08,663 | INFO | [t=108.8] Elevator-1(floor=7, UP, people=0) moving UP from floor 7 to floor 8 (target: 8)
2025-05-24 15:38:08,663 | INFO | [t=108.9] Elevator-0(floor=5, DOWN, people=0) next target updated to 0
2025-05-24 15:38:08,663 | INFO | [t=108.9] Elevator-0(floor=5, DOWN, people=0) moving DOWN from floor 5 to floor 4 (target: 0)
2025-05-24 15:38:09,361 | INFO | [t=109.1] Elevator-2(floor=2, DOWN, people=1) moving DOWN from floor 2 to floor 1 (target: 0)
2025-05-24 15:38:10,020 | INFO | [t=110.0] Person-5(start=0, target=2, now=9) auf Floor-9 wählt neues Ziel 2 (DOWN).
2025-05-24 15:38:10,020 | INFO | [t=110.0] Elevator-1(floor=8, UP, people=0) reached target floor 8
2025-05-24 15:38:10,020 | INFO | [t=110.0] Elevator-1(floor=8, UP, people=0) stopping at floor 8
2025-05-24 15:38:10,020 | INFO | [t=110.0] Elevator-0(floor=4, DOWN, people=0) added new target floor 9
2025-05-24 15:38:10,020 | INFO | [t=110.0] Dispatcher forwarded request from floor 9 to Elevator-0(floor=4, DOWN, people=0)
2025-05-24 15:38:10,021 | INFO | [t=110.0] Elevator-1(floor=8, UP, people=0) added new target floor 9
2025-05-24 15:38:10,021 | INFO | [t=110.0] Dispatcher forwarded request from floor 9 to Elevator-1(floor=8, UP, people=0)
2025-05-24 15:38:10,021 | INFO | [t=110.0] Elevator-2(floor=2, DOWN, people=1) added new target floor 9
2025-05-24 15:38:10,021 | INFO | [t=110.0] Dispatcher forwarded request from floor 9 to Elevator-2(floor=2, DOWN, people=1)
2025-05-24 15:38:10,021 | INFO | [t=110.1] Elevator-0(floor=4, DOWN, people=0) moving DOWN from floor 4 to floor 3 (target: 0)
2025-05-24 15:38:10,021 | INFO | [t=110.3] Elevator-2(floor=1, DOWN, people=1) moving DOWN from floor 1 to floor 0 (target: 0)
2025-05-24 15:38:10,021 | INFO | [t=110.5] Elevator-1(floor=8, UP, people=0) next target updated to 9
2025-05-24 15:38:10,021 | INFO | [t=110.5] Elevator-1(floor=8, UP, people=0) moving UP from floor 8 to floor 9 (target: 9)
2025-05-24 15:38:10,688 | INFO | [t=111.3] Elevator-0(floor=3, DOWN, people=0) moving DOWN from floor 3 to floor 2 (target: 0)
2025-05-24 15:38:10,688 | INFO | [t=111.3] Elevator-2(floor=0, UP, people=1) hit bottom floor, reversing direction to UP
2025-05-24 15:38:10,688 | INFO | [t=111.5] Elevator-1(floor=9, DOWN, people=0) hit top floor, reversing direction to DOWN
2025-05-24 15:38:10,689 | INFO | [t=111.5] Elevator-2(floor=0, UP, people=1) reached target floor 0
2025-05-24 15:38:10,689 | INFO | [t=111.5] Elevator-2(floor=0, UP, people=1) stopping at floor 0
2025-05-24 15:38:10,689 | INFO | [t=111.5] Elevator-2(floor=0, UP, people=2) added new target floor 4
2025-05-24 15:38:10,689 | INFO | [t=111.5] Person-6(start=0, target=4, now=0) entered Elevator-2(floor=0, UP, people=2) at floor 0, target=4 (waited 10.0s)
2025-05-24 15:38:10,689 | INFO | [t=111.5] Elevator-2(floor=0, UP, people=3) added new target floor 3
2025-05-24 15:38:10,689 | INFO | [t=111.5] Person-7(start=0, target=3, now=0) entered Elevator-2(floor=0, UP, people=3) at floor 0, target=3 (waited 7.1s)
2025-05-24 15:38:10,689 | INFO | [t=111.7] Elevator-1(floor=9, DOWN, people=0) reached target floor 9
2025-05-24 15:38:10,689 | INFO | [t=111.7] Elevator-1(floor=9, DOWN, people=0) stopping at floor 9
2025-05-24 15:38:10,690 | INFO | [t=111.7] Elevator-1(floor=9, DOWN, people=1) added new target floor 2
2025-05-24 15:38:10,690 | INFO | [t=111.7] Person-5(start=0, target=2, now=9) entered Elevator-1(floor=9, DOWN, people=1) at floor 9, target=2 (waited 1.7s)
2025-05-24 15:38:11,352 | INFO | [t=112.0] Elevator-2(floor=0, UP, people=3) next target updated to 3
2025-05-24 15:38:11,352 | INFO | [t=112.0] Elevator-2(floor=0, UP, people=3) moving UP from floor 0 to floor 1 (target: 3)
2025-05-24 15:38:11,352 | INFO | [t=112.2] Elevator-1(floor=9, DOWN, people=1) next target updated to 2
2025-05-24 15:38:11,353 | INFO | [t=112.2] Elevator-1(floor=9, DOWN, people=1) moving DOWN from floor 9 to floor 8 (target: 2)
2025-05-24 15:38:11,353 | INFO | [t=112.5] Elevator-0(floor=2, DOWN, people=0) moving DOWN from floor 2 to floor 1 (target: 0)
2025-05-24 15:38:12,020 | INFO | [t=113.2] Elevator-2(floor=1, UP, people=3) moving UP from floor 1 to floor 2 (target: 3)
2025-05-24 15:38:12,020 | INFO | [t=113.4] Elevator-1(floor=8, DOWN, people=1) moving DOWN from floor 8 to floor 7 (target: 2)
2025-05-24 15:38:12,020 | INFO | [t=113.7] Elevator-0(floor=1, DOWN, people=0) moving DOWN from floor 1 to floor 0 (target: 0)
2025-05-24 15:38:12,684 | INFO | [t=114.4] Elevator-2(floor=2, UP, people=3) moving UP from floor 2 to floor 3 (target: 3)
2025-05-24 15:38:12,684 | INFO | [t=114.6] Elevator-1(floor=7, DOWN, people=1) moving DOWN from floor 7 to floor 6 (target: 2)
2025-05-24 15:38:12,684 | INFO | [t=114.7] Elevator-0(floor=0, UP, people=0) hit bottom floor, reversing direction to UP
2025-05-24 15:38:12,684 | INFO | [t=114.9] Elevator-0(floor=0, UP, people=0) reached target floor 0
2025-05-24 15:38:12,685 | INFO | [t=114.9] Elevator-0(floor=0, UP, people=0) stopping at floor 0
2025-05-24 15:38:13,393 | INFO | [t=115.4] Elevator-0(floor=0, UP, people=0) next target updated to 9
2025-05-24 15:38:13,393 | INFO | [t=115.4] Elevator-0(floor=0, UP, people=0) moving UP from floor 0 to floor 1 (target: 9)
2025-05-24 15:38:13,393 | INFO | [t=115.6] Elevator-2(floor=3, UP, people=3) reached target floor 3
2025-05-24 15:38:13,393 | INFO | [t=115.6] Elevator-2(floor=3, UP, people=3) stopping at floor 3
2025-05-24 15:38:13,393 | INFO | [t=115.6] Person-7(start=0, target=3, now=3) exited Elevator-2(floor=3, UP, people=2) at floor 3 (ride time: 4.1s)
2025-05-24 15:38:13,393 | INFO | [t=115.8] Elevator-1(floor=6, DOWN, people=1) moving DOWN from floor 6 to floor 5 (target: 2)
2025-05-24 15:38:14,049 | INFO | [t=116.1] Elevator-2(floor=3, UP, people=2) next target updated to 4
2025-05-24 15:38:14,049 | INFO | [t=116.1] Elevator-2(floor=3, UP, people=2) moving UP from floor 3 to floor 4 (target: 4)
2025-05-24 15:38:14,049 | INFO | [t=116.6] Elevator-0(floor=1, UP, people=0) moving UP from floor 1 to floor 2 (target: 9)
2025-05-24 15:38:14,711 | INFO | [t=117.0] Elevator-1(floor=5, DOWN, people=1) moving DOWN from floor 5 to floor 4 (target: 2)
2025-05-24 15:38:14,711 | INFO | [t=117.3] Elevator-2(floor=4, UP, people=2) reached target floor 4
2025-05-24 15:38:14,711 | INFO | [t=117.3] Elevator-2(floor=4, UP, people=2) stopping at floor 4
2025-05-24 15:38:14,712 | INFO | [t=117.3] Person-6(start=0, target=4, now=4) exited Elevator-2(floor=4, UP, people=1) at floor 4 (ride time: 5.8s)
2025-05-24 15:38:14,712 | INFO | [t=117.8] Elevator-0(floor=2, UP, people=0) moving UP from floor 2 to floor 3 (target: 9)
2025-05-24 15:38:14,712 | INFO | [t=117.8] Elevator-2(floor=4, UP, people=1) next target updated to 7
2025-05-24 15:38:14,712 | INFO | [t=117.8] Elevator-2(floor=4, UP, people=1) moving UP from floor 4 to floor 5 (target: 7)
2025-05-24 15:38:15,381 | INFO | [t=118.2] Elevator-1(floor=4, DOWN, people=1) moving DOWN from floor 4 to floor 3 (target: 2)
2025-05-24 15:38:16,043 | INFO | [t=119.0] Elevator-0(floor=3, UP, people=0) moving UP from floor 3 to floor 4 (target: 9)
2025-05-24 15:38:16,043 | INFO | [t=119.0] Elevator-2(floor=5, UP, people=1) moving UP from floor 5 to floor 6 (target: 7)
2025-05-24 15:38:16,043 | INFO | [t=119.4] Elevator-1(floor=3, DOWN, people=1) moving DOWN from floor 3 to floor 2 (target: 2)
2025-05-24 15:38:16,712 | INFO | [t=120.0] Person-7(start=0, target=1, now=3) auf Floor-3 wählt neues Ziel 1 (DOWN).
2025-05-24 15:38:16,712 | INFO | [t=120.0] Elevator-0(floor=4, UP, people=0) added new target floor 3
2025-05-24 15:38:16,712 | INFO | [t=120.0] Dispatcher forwarded request from floor 3 to Elevator-0(floor=4, UP, people=0)
2025-05-24 15:38:16,712 | INFO | [t=120.0] Elevator-1(floor=3, DOWN, people=1) added new target floor 3
2025-05-24 15:38:16,712 | INFO | [t=120.0] Dispatcher forwarded request from floor 3 to Elevator-1(floor=3, DOWN, people=1)
2025-05-24 15:38:16,713 | INFO | [t=120.0] Elevator-2(floor=6, UP, people=1) added new target floor 3
2025-05-24 15:38:16,713 | INFO | [t=120.0] Dispatcher forwarded request from floor 3 to Elevator-2(floor=6, UP, people=1)
2025-05-24 15:38:16,713 | INFO | [t=120.2] Elevator-0(floor=4, UP, people=0) moving UP from floor 4 to floor 5 (target: 9)
2025-05-24 15:38:16,713 | INFO | [t=120.2] Elevator-2(floor=6, UP, people=1) moving UP from floor 6 to floor 7 (target: 7)
2025-05-24 15:38:16,713 | INFO | [t=120.6] Elevator-1(floor=2, DOWN, people=1) reached target floor 2
2025-05-24 15:38:16,713 | INFO | [t=120.6] Elevator-1(floor=2, DOWN, people=1) stopping at floor 2
2025-05-24 15:38:16,713 | INFO | [t=120.6] Person-5(start=0, target=2, now=2) exited Elevator-1(floor=2, DOWN, people=0) at floor 2 (ride time: 8.9s)
2025-05-24 15:38:17,409 | INFO | [t=121.1] Elevator-1(floor=2, DOWN, people=0) next target updated to 0
2025-05-24 15:38:17,409 | INFO | [t=121.1] Elevator-1(floor=2, DOWN, people=0) moving DOWN from floor 2 to floor 1 (target: 0)
2025-05-24 15:38:17,409 | INFO | [t=121.4] Elevator-0(floor=5, UP, people=0) moving UP from floor 5 to floor 6 (target: 9)
2025-05-24 15:38:17,409 | INFO | [t=121.4] Elevator-2(floor=7, UP, people=1) reached target floor 7
2025-05-24 15:38:17,409 | INFO | [t=121.4] Elevator-2(floor=7, UP, people=1) stopping at floor 7
2025-05-24 15:38:17,410 | INFO | [t=121.4] Person-2(start=0, target=7, now=7) exited Elevator-2(floor=7, UP, people=0) at floor 7 (ride time: 16.4s)
2025-05-24 15:38:17,410 | INFO | [t=121.9] Elevator-2(floor=7, UP, people=0) next target updated to 9
2025-05-24 15:38:17,410 | INFO | [t=121.9] Elevator-2(floor=7, UP, people=0) moving UP from floor 7 to floor 8 (target: 9)
2025-05-24 15:38:18,077 | INFO | [t=122.3] Elevator-1(floor=1, DOWN, people=0) moving DOWN from floor 1 to floor 0 (target: 0)
2025-05-24 15:38:18,077 | INFO | [t=122.6] Elevator-0(floor=6, UP, people=0) moving UP from floor 6 to floor 7 (target: 9)
2025-05-24 15:38:18,729 | INFO | [t=123.1] Elevator-2(floor=8, UP, people=0) moving UP from floor 8 to floor 9 (target: 9)
2025-05-24 15:38:18,729 | INFO | [t=123.3] Elevator-1(floor=0, UP, people=0) hit bottom floor, reversing direction to UP
2025-05-24 15:38:18,729 | INFO | [t=123.5] Elevator-1(floor=0, UP, people=0) reached target floor 0
2025-05-24 15:38:18,729 | INFO | [t=123.5] Elevator-1(floor=0, UP, people=0) stopping at floor 0
2025-05-24 15:38:18,729 | INFO | [t=123.8] Elevator-0(floor=7, UP, people=0) moving UP from floor 7 to floor 8 (target: 9)
2025-05-24 15:38:19,392 | INFO | [t=124.0] Elevator-1(floor=0, UP, people=0) next target updated to 3
2025-05-24 15:38:19,392 | INFO | [t=124.0] Elevator-1(floor=0, UP, people=0) moving UP from floor 0 to floor 1 (target: 3)
2025-05-24 15:38:19,392 | INFO | [t=124.1] Elevator-2(floor=9, DOWN, people=0) hit top floor, reversing direction to DOWN
2025-05-24 15:38:19,392 | INFO | [t=124.3] Elevator-2(floor=9, DOWN, people=0) reached target floor 9
2025-05-24 15:38:19,392 | INFO | [t=124.3] Elevator-2(floor=9, DOWN, people=0) stopping at floor 9
2025-05-24 15:38:19,392 | INFO | [t=124.8] Elevator-2(floor=9, DOWN, people=0) next target updated to 3
2025-05-24 15:38:19,393 | INFO | [t=124.8] Elevator-2(floor=9, DOWN, people=0) moving DOWN from floor 9 to floor 8 (target: 3)
2025-05-24 15:38:20,057 | INFO | [t=125.0] Elevator-0(floor=8, UP, people=0) moving UP from floor 8 to floor 9 (target: 9)
2025-05-24 15:38:20,057 | INFO | [t=125.2] Elevator-1(floor=1, UP, people=0) moving UP from floor 1 to floor 2 (target: 3)
2025-05-24 15:38:20,725 | INFO | [t=126.0] Elevator-0(floor=9, DOWN, people=0) hit top floor, reversing direction to DOWN
2025-05-24 15:38:20,725 | INFO | [t=126.0] Elevator-2(floor=8, DOWN, people=0) moving DOWN from floor 8 to floor 7 (target: 3)
2025-05-24 15:38:20,725 | INFO | [t=126.2] Elevator-0(floor=9, DOWN, people=0) reached target floor 9
2025-05-24 15:38:20,725 | INFO | [t=126.2] Elevator-0(floor=9, DOWN, people=0) stopping at floor 9
2025-05-24 15:38:20,726 | INFO | [t=126.4] Elevator-1(floor=2, UP, people=0) moving UP from floor 2 to floor 3 (target: 3)
2025-05-24 15:38:20,726 | INFO | [t=126.7] Elevator-0(floor=9, DOWN, people=0) next target updated to 3
2025-05-24 15:38:20,726 | INFO | [t=126.7] Elevator-0(floor=9, DOWN, people=0) moving DOWN from floor 9 to floor 8 (target: 3)
2025-05-24 15:38:21,394 | INFO | [t=127.2] Elevator-2(floor=7, DOWN, people=0) moving DOWN from floor 7 to floor 6 (target: 3)
2025-05-24 15:38:21,394 | INFO | [t=127.6] Elevator-1(floor=3, UP, people=0) reached target floor 3
2025-05-24 15:38:21,394 | INFO | [t=127.6] Elevator-1(floor=3, UP, people=0) stopping at floor 3
2025-05-24 15:38:21,394 | INFO | [t=127.6] Elevator-1(floor=3, UP, people=1) added new target floor 1
2025-05-24 15:38:21,395 | INFO | [t=127.6] Person-7(start=0, target=1, now=3) entered Elevator-1(floor=3, UP, people=1) at floor 3, target=1 (waited 7.6s)
2025-05-24 15:38:21,395 | INFO | [t=127.9] Elevator-0(floor=8, DOWN, people=0) moving DOWN from floor 8 to floor 7 (target: 3)
2025-05-24 15:38:22,094 | INFO | [t=128.1] Elevator-1(floor=3, UP, people=1) next target updated to 1
2025-05-24 15:38:22,094 | INFO | [t=128.1] Elevator-1(floor=3, DOWN, people=1) no more UP targets, changing direction to DOWN
2025-05-24 15:38:22,094 | INFO | [t=128.1] Elevator-1(floor=3, DOWN, people=1) moving DOWN from floor 3 to floor 2 (target: 1)
2025-05-24 15:38:22,094 | INFO | [t=128.4] Elevator-2(floor=6, DOWN, people=0) moving DOWN from floor 6 to floor 5 (target: 3)
2025-05-24 15:38:22,750 | INFO | [t=129.1] Elevator-0(floor=7, DOWN, people=0) moving DOWN from floor 7 to floor 6 (target: 3)
2025-05-24 15:38:22,750 | INFO | [t=129.3] Elevator-1(floor=2, DOWN, people=1) moving DOWN from floor 2 to floor 1 (target: 1)
2025-05-24 15:38:22,750 | INFO | [t=129.6] Elevator-2(floor=5, DOWN, people=0) moving DOWN from floor 5 to floor 4 (target: 3)
2025-05-24 15:38:23,416 | INFO | [t=130.0] Person-5(start=0, target=5, now=2) auf Floor-2 wählt neues Ziel 5 (UP).
2025-05-24 15:38:23,416 | INFO | [t=130.0] Elevator-0(floor=7, DOWN, people=0) added new target floor 2
2025-05-24 15:38:23,416 | INFO | [t=130.0] Dispatcher forwarded request from floor 2 to Elevator-0(floor=7, DOWN, people=0)
2025-05-24 15:38:23,416 | INFO | [t=130.0] Elevator-1(floor=2, DOWN, people=1) added new target floor 2
2025-05-24 15:38:23,417 | INFO | [t=130.0] Dispatcher forwarded request from floor 2 to Elevator-1(floor=2, DOWN, people=1)
2025-05-24 15:38:23,417 | INFO | [t=130.0] Elevator-2(floor=5, DOWN, people=0) added new target floor 2
2025-05-24 15:38:23,417 | INFO | [t=130.0] Dispatcher forwarded request from floor 2 to Elevator-2(floor=5, DOWN, people=0)
2025-05-24 15:38:23,417 | INFO | [t=130.3] Elevator-0(floor=6, DOWN, people=0) moving DOWN from floor 6 to floor 5 (target: 3)
2025-05-24 15:38:23,417 | INFO | [t=130.5] Elevator-1(floor=1, DOWN, people=1) reached target floor 1
2025-05-24 15:38:23,417 | INFO | [t=130.5] Elevator-1(floor=1, DOWN, people=1) stopping at floor 1
2025-05-24 15:38:23,417 | INFO | [t=130.5] Person-7(start=0, target=1, now=1) exited Elevator-1(floor=1, DOWN, people=0) at floor 1 (ride time: 2.9s)
2025-05-24 15:38:23,417 | INFO | [t=130.8] Elevator-2(floor=4, DOWN, people=0) moving DOWN from floor 4 to floor 3 (target: 3)
2025-05-24 15:38:24,080 | INFO | [t=131.0] Elevator-1(floor=1, DOWN, people=0) next target updated to 2
2025-05-24 15:38:24,080 | INFO | [t=131.0] Elevator-1(floor=1, UP, people=0) no more DOWN targets, changing direction to UP
2025-05-24 15:38:24,080 | INFO | [t=131.0] Elevator-1(floor=1, UP, people=0) moving UP from floor 1 to floor 2 (target: 2)
2025-05-24 15:38:24,081 | INFO | [t=131.5] Elevator-0(floor=5, DOWN, people=0) moving DOWN from floor 5 to floor 4 (target: 3)
2025-05-24 15:38:24,744 | INFO | [t=132.0] Elevator-2(floor=3, DOWN, people=0) reached target floor 3
2025-05-24 15:38:24,744 | INFO | [t=132.0] Elevator-2(floor=3, DOWN, people=0) stopping at floor 3
2025-05-24 15:38:24,744 | INFO | [t=132.2] Elevator-1(floor=2, UP, people=0) reached target floor 2
2025-05-24 15:38:24,745 | INFO | [t=132.2] Elevator-1(floor=2, UP, people=0) stopping at floor 2
2025-05-24 15:38:24,745 | INFO | [t=132.2] Elevator-1(floor=2, UP, people=1) added new target floor 5
2025-05-24 15:38:24,745 | INFO | [t=132.2] Person-5(start=0, target=5, now=2) entered Elevator-1(floor=2, UP, people=1) at floor 2, target=5 (waited 2.2s)
2025-05-24 15:38:24,745 | INFO | [t=132.5] Elevator-2(floor=3, DOWN, people=0) next target updated to 2
2025-05-24 15:38:24,745 | INFO | [t=132.5] Elevator-2(floor=3, DOWN, people=0) moving DOWN from floor 3 to floor 2 (target: 2)
2025-05-24 15:38:24,745 | INFO | [t=132.7] Elevator-0(floor=4, DOWN, people=0) moving DOWN from floor 4 to floor 3 (target: 3)
2025-05-24 15:38:24,745 | INFO | [t=132.7] Elevator-1(floor=2, UP, people=1) next target updated to 5
2025-05-24 15:38:24,746 | INFO | [t=132.7] Elevator-1(floor=2, UP, people=1) moving UP from floor 2 to floor 3 (target: 5)
2025-05-24 15:38:25,400 | INFO | [t=133.7] Elevator-2(floor=2, DOWN, people=0) reached target floor 2
2025-05-24 15:38:25,400 | INFO | [t=133.7] Elevator-2(floor=2, DOWN, people=0) stopping at floor 2
2025-05-24 15:38:25,401 | INFO | [t=133.9] Elevator-0(floor=3, DOWN, people=0) reached target floor 3
2025-05-24 15:38:25,401 | INFO | [t=133.9] Elevator-0(floor=3, DOWN, people=0) stopping at floor 3
2025-05-24 15:38:25,401 | INFO | [t=133.9] Elevator-1(floor=3, UP, people=1) moving UP from floor 3 to floor 4 (target: 5)
2025-05-24 15:38:26,101 | INFO | [t=134.2] Elevator-2(floor=2, DOWN, people=0) has no next target, setting direction to IDLE
2025-05-24 15:38:26,101 | INFO | [t=134.2] Elevator-2(floor=2, IDLE, people=0) has no next target, staying on floor 2
2025-05-24 15:38:26,101 | INFO | [t=134.3] NEUE Person-8(start=0, target=8, now=0) spawnt im EG, Ziel=8
2025-05-24 15:38:26,102 | INFO | [t=134.4] Elevator-0(floor=3, DOWN, people=0) next target updated to 2
2025-05-24 15:38:26,102 | INFO | [t=134.4] Elevator-0(floor=3, DOWN, people=0) moving DOWN from floor 3 to floor 2 (target: 2)
2025-05-24 15:38:26,102 | INFO | [t=134.4] Elevator-0(floor=3, DOWN, people=0) added new target floor 0
2025-05-24 15:38:26,102 | INFO | [t=134.4] Dispatcher forwarded request from floor 0 to Elevator-0(floor=3, DOWN, people=0)
2025-05-24 15:38:26,102 | INFO | [t=134.4] Elevator-1(floor=3, UP, people=1) added new target floor 0
2025-05-24 15:38:26,102 | INFO | [t=134.4] Dispatcher forwarded request from floor 0 to Elevator-1(floor=3, UP, people=1)
2025-05-24 15:38:26,102 | INFO | [t=134.4] Elevator-2(floor=2, IDLE, people=0) added new target floor 0
2025-05-24 15:38:26,102 | INFO | [t=134.4] Dispatcher forwarded request from floor 0 to Elevator-2(floor=2, IDLE, people=0)
2025-05-24 15:38:26,102 | INFO | [t=134.6] Elevator-2(floor=2, IDLE, people=0) resumes from IDLE after 0.2s
2025-05-24 15:38:26,102 | INFO | [t=134.6] Elevator-2(floor=2, IDLE, people=0) next target updated to 0
2025-05-24 15:38:26,102 | INFO | [t=134.6] Elevator-2(floor=2, DOWN, people=0) was IDLE, setting direction to DOWN (current floor: 2, target: 0)
2025-05-24 15:38:26,103 | INFO | [t=134.6] Elevator-2(floor=2, DOWN, people=0) moving DOWN from floor 2 to floor 1 (target: 0)
2025-05-24 15:38:26,759 | INFO | [t=135.1] NEUE Person-9(start=0, target=3, now=0) spawnt im EG, Ziel=3
2025-05-24 15:38:26,759 | INFO | [t=135.1] Elevator-1(floor=4, UP, people=1) moving UP from floor 4 to floor 5 (target: 5)
2025-05-24 15:38:26,759 | INFO | [t=135.6] Elevator-0(floor=2, DOWN, people=0) reached target floor 2
2025-05-24 15:38:26,759 | INFO | [t=135.6] Elevator-0(floor=2, DOWN, people=0) stopping at floor 2
2025-05-24 15:38:26,760 | INFO | [t=135.8] Elevator-2(floor=1, DOWN, people=0) moving DOWN from floor 1 to floor 0 (target: 0)
2025-05-24 15:38:27,422 | INFO | [t=136.1] Elevator-0(floor=2, DOWN, people=0) next target updated to 0
2025-05-24 15:38:27,422 | INFO | [t=136.1] Elevator-0(floor=2, DOWN, people=0) moving DOWN from floor 2 to floor 1 (target: 0)
2025-05-24 15:38:27,422 | INFO | [t=136.3] Elevator-1(floor=5, UP, people=1) reached target floor 5
2025-05-24 15:38:27,423 | INFO | [t=136.3] Elevator-1(floor=5, UP, people=1) stopping at floor 5
2025-05-24 15:38:27,423 | INFO | [t=136.3] Person-5(start=0, target=5, now=5) exited Elevator-1(floor=5, UP, people=0) at floor 5 (ride time: 4.1s)
2025-05-24 15:38:27,423 | INFO | [t=136.8] Elevator-2(floor=0, IDLE, people=0) hit bottom floor with no more targets, going IDLE
2025-05-24 15:38:27,423 | INFO | [t=136.8] Elevator-1(floor=5, UP, people=0) next target updated to 0
2025-05-24 15:38:27,423 | INFO | [t=136.8] Elevator-1(floor=5, DOWN, people=0) no more UP targets, changing direction to DOWN
2025-05-24 15:38:27,423 | INFO | [t=136.8] Elevator-1(floor=5, DOWN, people=0) moving DOWN from floor 5 to floor 4 (target: 0)
2025-05-24 15:38:28,092 | INFO | [t=137.0] Elevator-2(floor=0, IDLE, people=0) reached target floor 0
2025-05-24 15:38:28,092 | INFO | [t=137.0] Elevator-2(floor=0, IDLE, people=0) stopping at floor 0
2025-05-24 15:38:28,092 | INFO | [t=137.0] Elevator-2(floor=0, IDLE, people=1) added new target floor 8
2025-05-24 15:38:28,092 | INFO | [t=137.0] Person-8(start=0, target=8, now=0) entered Elevator-2(floor=0, IDLE, people=1) at floor 0, target=8 (waited 2.7s)
2025-05-24 15:38:28,092 | INFO | [t=137.0] Elevator-2(floor=0, IDLE, people=2) added new target floor 3
2025-05-24 15:38:28,092 | INFO | [t=137.0] Person-9(start=0, target=3, now=0) entered Elevator-2(floor=0, IDLE, people=2) at floor 0, target=3 (waited 1.9s)
2025-05-24 15:38:28,093 | INFO | [t=137.3] Elevator-0(floor=1, DOWN, people=0) moving DOWN from floor 1 to floor 0 (target: 0)
2025-05-24 15:38:28,093 | INFO | [t=137.5] Elevator-2(floor=0, IDLE, people=2) next target updated to 3
2025-05-24 15:38:28,093 | INFO | [t=137.5] Elevator-2(floor=0, UP, people=2) was IDLE, setting direction to UP (current floor: 0, target: 3)
2025-05-24 15:38:28,093 | INFO | [t=137.5] Elevator-2(floor=0, UP, people=2) moving UP from floor 0 to floor 1 (target: 3)
2025-05-24 15:38:28,761 | INFO | [t=138.0] Elevator-1(floor=4, DOWN, people=0) moving DOWN from floor 4 to floor 3 (target: 0)
2025-05-24 15:38:28,761 | INFO | [t=138.3] Elevator-0(floor=0, IDLE, people=0) hit bottom floor with no more targets, going IDLE
2025-05-24 15:38:28,761 | INFO | [t=138.5] Elevator-0(floor=0, IDLE, people=0) reached target floor 0
2025-05-24 15:38:28,761 | INFO | [t=138.5] Elevator-0(floor=0, IDLE, people=0) stopping at floor 0
2025-05-24 15:38:28,762 | INFO | [t=138.7] Elevator-2(floor=1, UP, people=2) moving UP from floor 1 to floor 2 (target: 3)
2025-05-24 15:38:29,414 | INFO | [t=139.0] Elevator-0(floor=0, IDLE, people=0) has no next target, setting direction to IDLE
2025-05-24 15:38:29,414 | INFO | [t=139.0] Elevator-0(floor=0, IDLE, people=0) has no next target, staying on floor 0
2025-05-24 15:38:29,414 | INFO | [t=139.2] Elevator-1(floor=3, DOWN, people=0) moving DOWN from floor 3 to floor 2 (target: 0)
2025-05-24 15:38:29,414 | INFO | [t=139.9] Elevator-2(floor=2, UP, people=2) moving UP from floor 2 to floor 3 (target: 3)
2025-05-24 15:38:30,078 | INFO | [t=140.0] Person-6(start=0, target=5, now=4) auf Floor-4 wählt neues Ziel 5 (UP).
2025-05-24 15:38:30,078 | INFO | [t=140.0] Elevator-0(floor=0, IDLE, people=0) added new target floor 4
2025-05-24 15:38:30,078 | INFO | [t=140.0] Dispatcher forwarded request from floor 4 to Elevator-0(floor=0, IDLE, people=0)
2025-05-24 15:38:30,078 | INFO | [t=140.0] Elevator-1(floor=3, DOWN, people=0) added new target floor 4
2025-05-24 15:38:30,079 | INFO | [t=140.0] Dispatcher forwarded request from floor 4 to Elevator-1(floor=3, DOWN, people=0)
2025-05-24 15:38:30,079 | INFO | [t=140.0] Elevator-2(floor=2, UP, people=2) added new target floor 4
2025-05-24 15:38:30,079 | INFO | [t=140.0] Dispatcher forwarded request from floor 4 to Elevator-2(floor=2, UP, people=2)
2025-05-24 15:38:30,079 | INFO | [t=140.2] Elevator-0(floor=0, IDLE, people=0) resumes from IDLE after 1.0s
2025-05-24 15:38:30,079 | INFO | [t=140.2] Elevator-0(floor=0, IDLE, people=0) next target updated to 4
2025-05-24 15:38:30,079 | INFO | [t=140.2] Elevator-0(floor=0, UP, people=0) was IDLE, setting direction to UP (current floor: 0, target: 4)
2025-05-24 15:38:30,079 | INFO | [t=140.2] Elevator-0(floor=0, UP, people=0) moving UP from floor 0 to floor 1 (target: 4)
2025-05-24 15:38:30,079 | INFO | [t=140.4] Elevator-1(floor=2, DOWN, people=0) moving DOWN from floor 2 to floor 1 (target: 0)
2025-05-24 15:38:30,080 | INFO | [t=140.9] Person-10(start=0, target=0, now=0) spawnt im EG und bleibt dort idle.
2025-05-24 15:38:30,080 | INFO | [t=140.9] Person-10(start=0, target=0, now=0) wartet im EG und verlässt das Gebäude.
2025-05-24 15:38:30,779 | INFO | [t=141.1] Elevator-2(floor=3, UP, people=2) reached target floor 3
2025-05-24 15:38:30,779 | INFO | [t=141.1] Elevator-2(floor=3, UP, people=2) stopping at floor 3
2025-05-24 15:38:30,779 | INFO | [t=141.1] Person-9(start=0, target=3, now=3) exited Elevator-2(floor=3, UP, people=1) at floor 3 (ride time: 4.1s)
2025-05-24 15:38:30,780 | INFO | [t=141.4] Elevator-0(floor=1, UP, people=0) moving UP from floor 1 to floor 2 (target: 4)
2025-05-24 15:38:30,780 | INFO | [t=141.6] Elevator-2(floor=3, UP, people=1) next target updated to 4
2025-05-24 15:38:30,780 | INFO | [t=141.6] Elevator-2(floor=3, UP, people=1) moving UP from floor 3 to floor 4 (target: 4)
2025-05-24 15:38:30,780 | INFO | [t=141.6] Elevator-1(floor=1, DOWN, people=0) moving DOWN from floor 1 to floor 0 (target: 0)
2025-05-24 15:38:31,440 | INFO | [t=142.6] Elevator-0(floor=2, UP, people=0) moving UP from floor 2 to floor 3 (target: 4)
2025-05-24 15:38:31,440 | INFO | [t=142.6] Elevator-1(floor=0, UP, people=0) hit bottom floor, reversing direction to UP
2025-05-24 15:38:31,440 | INFO | [t=142.8] Elevator-2(floor=4, UP, people=1) reached target floor 4
2025-05-24 15:38:31,440 | INFO | [t=142.8] Elevator-2(floor=4, UP, people=1) stopping at floor 4
2025-05-24 15:38:31,440 | INFO | [t=142.8] Elevator-1(floor=0, UP, people=0) reached target floor 0
2025-05-24 15:38:31,441 | INFO | [t=142.8] Elevator-1(floor=0, UP, people=0) stopping at floor 0
2025-05-24 15:38:31,441 | INFO | [t=142.8] Elevator-2(floor=4, UP, people=2) added new target floor 5
2025-05-24 15:38:31,441 | INFO | [t=142.8] Person-6(start=0, target=5, now=4) entered Elevator-2(floor=4, UP, people=2) at floor 4, target=5 (waited 2.8s)
2025-05-24 15:38:32,108 | INFO | [t=143.3] Elevator-1(floor=0, UP, people=0) next target updated to 4
2025-05-24 15:38:32,108 | INFO | [t=143.3] Elevator-1(floor=0, UP, people=0) moving UP from floor 0 to floor 1 (target: 4)
2025-05-24 15:38:32,108 | INFO | [t=143.3] Elevator-2(floor=4, UP, people=2) next target updated to 5
2025-05-24 15:38:32,108 | INFO | [t=143.3] Elevator-2(floor=4, UP, people=2) moving UP from floor 4 to floor 5 (target: 5)
2025-05-24 15:38:32,109 | INFO | [t=143.8] Elevator-0(floor=3, UP, people=0) moving UP from floor 3 to floor 4 (target: 4)
2025-05-24 15:38:32,771 | INFO | [t=144.5] Elevator-2(floor=5, UP, people=2) reached target floor 5
2025-05-24 15:38:32,771 | INFO | [t=144.5] Elevator-2(floor=5, UP, people=2) stopping at floor 5
2025-05-24 15:38:32,771 | INFO | [t=144.5] Elevator-1(floor=1, UP, people=0) moving UP from floor 1 to floor 2 (target: 4)
2025-05-24 15:38:32,771 | INFO | [t=144.5] Person-6(start=0, target=5, now=5) exited Elevator-2(floor=5, UP, people=1) at floor 5 (ride time: 1.7s)
2025-05-24 15:38:33,448 | INFO | [t=145.0] Elevator-0(floor=4, UP, people=0) reached target floor 4
2025-05-24 15:38:33,448 | INFO | [t=145.0] Elevator-0(floor=4, UP, people=0) stopping at floor 4
2025-05-24 15:38:33,448 | INFO | [t=145.0] Elevator-2(floor=5, UP, people=1) next target updated to 8
2025-05-24 15:38:33,449 | INFO | [t=145.0] Elevator-2(floor=5, UP, people=1) moving UP from floor 5 to floor 6 (target: 8)
2025-05-24 15:38:33,449 | INFO | [t=145.5] Elevator-0(floor=4, UP, people=0) has no next target, setting direction to IDLE
2025-05-24 15:38:33,449 | INFO | [t=145.5] Elevator-0(floor=4, IDLE, people=0) has no next target, staying on floor 4
2025-05-24 15:38:33,449 | INFO | [t=145.7] Elevator-1(floor=2, UP, people=0) moving UP from floor 2 to floor 3 (target: 4)
2025-05-24 15:38:34,114 | INFO | [t=146.2] Elevator-2(floor=6, UP, people=1) moving UP from floor 6 to floor 7 (target: 8)
2025-05-24 15:38:34,114 | INFO | [t=146.9] Elevator-1(floor=3, UP, people=0) moving UP from floor 3 to floor 4 (target: 4)
2025-05-24 15:38:34,770 | INFO | [t=147.4] Elevator-2(floor=7, UP, people=1) moving UP from floor 7 to floor 8 (target: 8)
2025-05-24 15:38:35,480 | INFO | [t=148.1] Elevator-1(floor=4, UP, people=0) reached target floor 4
2025-05-24 15:38:35,480 | INFO | [t=148.1] Elevator-1(floor=4, UP, people=0) stopping at floor 4
2025-05-24 15:38:35,480 | INFO | [t=148.5] NEUE Person-11(start=0, target=5, now=0) spawnt im EG, Ziel=5
2025-05-24 15:38:35,480 | INFO | [t=148.6] Elevator-0(floor=4, IDLE, people=0) added new target floor 0
2025-05-24 15:38:35,480 | INFO | [t=148.6] Dispatcher forwarded request from floor 0 to Elevator-0(floor=4, IDLE, people=0)
2025-05-24 15:38:35,480 | INFO | [t=148.6] Elevator-1(floor=4, UP, people=0) added new target floor 0
2025-05-24 15:38:35,480 | INFO | [t=148.6] Dispatcher forwarded request from floor 0 to Elevator-1(floor=4, UP, people=0)
2025-05-24 15:38:35,481 | INFO | [t=148.6] Elevator-2(floor=8, UP, people=1) added new target floor 0
2025-05-24 15:38:35,481 | INFO | [t=148.6] Dispatcher forwarded request from floor 0 to Elevator-2(floor=8, UP, people=1)
2025-05-24 15:38:35,481 | INFO | [t=148.6] Elevator-1(floor=4, UP, people=0) next target updated to 0
2025-05-24 15:38:35,481 | INFO | [t=148.6] Elevator-1(floor=4, DOWN, people=0) no more UP targets, changing direction to DOWN
2025-05-24 15:38:35,481 | INFO | [t=148.6] Elevator-1(floor=4, DOWN, people=0) moving DOWN from floor 4 to floor 3 (target: 0)
2025-05-24 15:38:35,481 | INFO | [t=148.6] Elevator-2(floor=8, UP, people=1) reached target floor 8
2025-05-24 15:38:35,481 | INFO | [t=148.6] Elevator-2(floor=8, UP, people=1) stopping at floor 8
2025-05-24 15:38:35,481 | INFO | [t=148.6] Person-8(start=0, target=8, now=8) exited Elevator-2(floor=8, UP, people=0) at floor 8 (ride time: 11.6s)
2025-05-24 15:38:35,481 | INFO | [t=148.7] Elevator-0(floor=4, IDLE, people=0) resumes from IDLE after 3.0s
2025-05-24 15:38:35,482 | INFO | [t=148.7] Elevator-0(floor=4, IDLE, people=0) next target updated to 0
2025-05-24 15:38:35,482 | INFO | [t=148.7] Elevator-0(floor=4, DOWN, people=0) was IDLE, setting direction to DOWN (current floor: 4, target: 0)
2025-05-24 15:38:35,482 | INFO | [t=148.7] Elevator-0(floor=4, DOWN, people=0) moving DOWN from floor 4 to floor 3 (target: 0)
2025-05-24 15:38:36,143 | INFO | [t=149.1] Elevator-2(floor=8, UP, people=0) next target updated to 0
2025-05-24 15:38:36,143 | INFO | [t=149.1] Elevator-2(floor=8, DOWN, people=0) no more UP targets, changing direction to DOWN
2025-05-24 15:38:36,143 | INFO | [t=149.1] Elevator-2(floor=8, DOWN, people=0) moving DOWN from floor 8 to floor 7 (target: 0)
2025-05-24 15:38:36,143 | INFO | [t=149.8] Elevator-1(floor=3, DOWN, people=0) moving DOWN from floor 3 to floor 2 (target: 0)
2025-05-24 15:38:36,144 | INFO | [t=149.9] Elevator-0(floor=3, DOWN, people=0) moving DOWN from floor 3 to floor 2 (target: 0)
2025-05-24 15:38:36,804 | INFO | [t=150.0] Person-5(start=0, target=9, now=5) auf Floor-5 wählt neues Ziel 9 (UP).
2025-05-24 15:38:36,804 | INFO | [t=150.0] Elevator-0(floor=3, DOWN, people=0) added new target floor 5
2025-05-24 15:38:36,804 | INFO | [t=150.0] Dispatcher forwarded request from floor 5 to Elevator-0(floor=3, DOWN, people=0)
2025-05-24 15:38:36,804 | INFO | [t=150.0] Elevator-1(floor=3, DOWN, people=0) added new target floor 5
2025-05-24 15:38:36,805 | INFO | [t=150.0] Dispatcher forwarded request from floor 5 to Elevator-1(floor=3, DOWN, people=0)
2025-05-24 15:38:36,805 | INFO | [t=150.0] Elevator-2(floor=8, DOWN, people=0) added new target floor 5
2025-05-24 15:38:36,805 | INFO | [t=150.0] Dispatcher forwarded request from floor 5 to Elevator-2(floor=8, DOWN, people=0)
2025-05-24 15:38:36,805 | INFO | [t=150.3] Elevator-2(floor=7, DOWN, people=0) next target updated to 5
2025-05-24 15:38:36,805 | INFO | [t=150.3] Elevator-2(floor=7, DOWN, people=0) moving DOWN from floor 7 to floor 6 (target: 5)
2025-05-24 15:38:37,471 | INFO | [t=151.0] Elevator-1(floor=2, DOWN, people=0) moving DOWN from floor 2 to floor 1 (target: 0)
2025-05-24 15:38:37,471 | INFO | [t=151.1] Elevator-0(floor=2, DOWN, people=0) moving DOWN from floor 2 to floor 1 (target: 0)
2025-05-24 15:38:37,471 | INFO | [t=151.5] Elevator-2(floor=6, DOWN, people=0) moving DOWN from floor 6 to floor 5 (target: 5)
2025-05-24 15:38:38,142 | INFO | [t=152.2] Elevator-1(floor=1, DOWN, people=0) moving DOWN from floor 1 to floor 0 (target: 0)
2025-05-24 15:38:38,142 | INFO | [t=152.3] Elevator-0(floor=1, DOWN, people=0) moving DOWN from floor 1 to floor 0 (target: 0)
2025-05-24 15:38:38,142 | INFO | [t=152.7] Elevator-2(floor=5, DOWN, people=0) reached target floor 5
2025-05-24 15:38:38,142 | INFO | [t=152.7] Elevator-2(floor=5, DOWN, people=0) stopping at floor 5
2025-05-24 15:38:38,143 | INFO | [t=152.7] Elevator-2(floor=5, DOWN, people=1) added new target floor 9
2025-05-24 15:38:38,143 | INFO | [t=152.7] Person-5(start=0, target=9, now=5) entered Elevator-2(floor=5, DOWN, people=1) at floor 5, target=9 (waited 2.7s)
2025-05-24 15:38:38,812 | INFO | [t=153.2] Elevator-1(floor=0, UP, people=0) hit bottom floor, reversing direction to UP
2025-05-24 15:38:38,812 | INFO | [t=153.2] Elevator-2(floor=5, DOWN, people=1) next target updated to 0
2025-05-24 15:38:38,812 | INFO | [t=153.2] Elevator-2(floor=5, DOWN, people=1) moving DOWN from floor 5 to floor 4 (target: 0)
2025-05-24 15:38:38,812 | INFO | [t=153.3] Elevator-0(floor=0, UP, people=0) hit bottom floor, reversing direction to UP
2025-05-24 15:38:38,812 | INFO | [t=153.4] Elevator-1(floor=0, UP, people=0) reached target floor 0
2025-05-24 15:38:38,813 | INFO | [t=153.4] Elevator-1(floor=0, UP, people=0) stopping at floor 0
2025-05-24 15:38:38,813 | INFO | [t=153.4] Person-11(start=0, target=5, now=0) entered Elevator-1(floor=0, UP, people=1) at floor 0, target=5 (waited 4.9s)
2025-05-24 15:38:38,813 | INFO | [t=153.5] Elevator-0(floor=0, UP, people=0) reached target floor 0
2025-05-24 15:38:38,813 | INFO | [t=153.5] Elevator-0(floor=0, UP, people=0) stopping at floor 0
2025-05-24 15:38:38,813 | INFO | [t=153.9] Elevator-1(floor=0, UP, people=1) next target updated to 5
2025-05-24 15:38:38,813 | INFO | [t=153.9] Elevator-1(floor=0, UP, people=1) moving UP from floor 0 to floor 1 (target: 5)
2025-05-24 15:38:39,514 | INFO | [t=154.0] Elevator-0(floor=0, UP, people=0) next target updated to 5
2025-05-24 15:38:39,514 | INFO | [t=154.0] Elevator-0(floor=0, UP, people=0) moving UP from floor 0 to floor 1 (target: 5)
2025-05-24 15:38:39,514 | INFO | [t=154.3] Person-12(start=0, target=0, now=0) spawnt im EG und bleibt dort idle.
2025-05-24 15:38:39,515 | INFO | [t=154.4] Person-12(start=0, target=0, now=0) wartet im EG und verlässt das Gebäude.
2025-05-24 15:38:39,515 | INFO | [t=154.4] Elevator-2(floor=4, DOWN, people=1) moving DOWN from floor 4 to floor 3 (target: 0)
2025-05-24 15:38:40,170 | INFO | [t=155.1] Elevator-1(floor=1, UP, people=1) moving UP from floor 1 to floor 2 (target: 5)
2025-05-24 15:38:40,170 | INFO | [t=155.2] Elevator-0(floor=1, UP, people=0) moving UP from floor 1 to floor 2 (target: 5)
2025-05-24 15:38:40,171 | INFO | [t=155.6] Elevator-2(floor=3, DOWN, people=1) moving DOWN from floor 3 to floor 2 (target: 0)
2025-05-24 15:38:40,829 | INFO | [t=156.3] Elevator-1(floor=2, UP, people=1) moving UP from floor 2 to floor 3 (target: 5)
2025-05-24 15:38:40,829 | INFO | [t=156.4] Elevator-0(floor=2, UP, people=0) moving UP from floor 2 to floor 3 (target: 5)
2025-05-24 15:38:40,830 | INFO | [t=156.8] Elevator-2(floor=2, DOWN, people=1) moving DOWN from floor 2 to floor 1 (target: 0)
2025-05-24 15:38:41,500 | INFO | [t=157.5] Elevator-1(floor=3, UP, people=1) moving UP from floor 3 to floor 4 (target: 5)
2025-05-24 15:38:41,500 | INFO | [t=157.6] Elevator-0(floor=3, UP, people=0) moving UP from floor 3 to floor 4 (target: 5)
2025-05-24 15:38:42,186 | INFO | [t=158.0] Elevator-2(floor=1, DOWN, people=1) moving DOWN from floor 1 to floor 0 (target: 0)
2025-05-24 15:38:42,186 | INFO | [t=158.6] Person-13(start=0, target=0, now=0) spawnt im EG und bleibt dort idle.
2025-05-24 15:38:42,186 | INFO | [t=158.6] Person-13(start=0, target=0, now=0) wartet im EG und verlässt das Gebäude.
2025-05-24 15:38:42,186 | INFO | [t=158.7] Elevator-1(floor=4, UP, people=1) moving UP from floor 4 to floor 5 (target: 5)
2025-05-24 15:38:42,187 | INFO | [t=158.8] Elevator-0(floor=4, UP, people=0) moving UP from floor 4 to floor 5 (target: 5)
2025-05-24 15:38:42,854 | INFO | [t=159.0] Elevator-2(floor=0, UP, people=1) hit bottom floor, reversing direction to UP
2025-05-24 15:38:42,854 | INFO | [t=159.2] Elevator-2(floor=0, UP, people=1) reached target floor 0
2025-05-24 15:38:42,854 | INFO | [t=159.2] Elevator-2(floor=0, UP, people=1) stopping at floor 0
2025-05-24 15:38:42,855 | INFO | [t=159.5] NEUE Person-14(start=0, target=3, now=0) spawnt im EG, Ziel=3
2025-05-24 15:38:42,855 | INFO | [t=159.6] Elevator-0(floor=4, UP, people=0) added new target floor 0
2025-05-24 15:38:42,855 | INFO | [t=159.6] Dispatcher forwarded request from floor 0 to Elevator-0(floor=4, UP, people=0)
2025-05-24 15:38:42,855 | INFO | [t=159.6] Elevator-1(floor=4, UP, people=1) added new target floor 0
2025-05-24 15:38:42,855 | INFO | [t=159.6] Dispatcher forwarded request from floor 0 to Elevator-1(floor=4, UP, people=1)
2025-05-24 15:38:42,855 | INFO | [t=159.6] Elevator-2(floor=0, UP, people=1) added new target floor 0
2025-05-24 15:38:42,855 | INFO | [t=159.6] Dispatcher forwarded request from floor 0 to Elevator-2(floor=0, UP, people=1)
2025-05-24 15:38:42,855 | INFO | [t=159.7] Elevator-2(floor=0, UP, people=1) next target updated to 9
2025-05-24 15:38:42,856 | INFO | [t=159.7] Elevator-2(floor=0, UP, people=1) moving UP from floor 0 to floor 1 (target: 9)
2025-05-24 15:38:42,856 | INFO | [t=159.9] Elevator-1(floor=5, UP, people=1) reached target floor 5
2025-05-24 15:38:42,856 | INFO | [t=159.9] Elevator-1(floor=5, UP, people=1) stopping at floor 5
2025-05-24 15:38:42,856 | INFO | [t=159.9] Person-11(start=0, target=5, now=5) exited Elevator-1(floor=5, UP, people=0) at floor 5 (ride time: 6.5s)
2025-05-24 15:38:43,564 | INFO | [t=160.0] Person-9(start=0, target=8, now=3) auf Floor-3 wählt neues Ziel 8 (UP).
2025-05-24 15:38:43,564 | INFO | [t=160.0] Elevator-0(floor=5, UP, people=0) reached target floor 5
2025-05-24 15:38:43,564 | INFO | [t=160.0] Elevator-0(floor=5, UP, people=0) stopping at floor 5
2025-05-24 15:38:43,564 | INFO | [t=160.2] Elevator-0(floor=5, UP, people=0) added new target floor 3
2025-05-24 15:38:43,565 | INFO | [t=160.2] Dispatcher forwarded request from floor 3 to Elevator-0(floor=5, UP, people=0)
2025-05-24 15:38:43,565 | INFO | [t=160.2] Elevator-1(floor=5, UP, people=0) added new target floor 3
2025-05-24 15:38:43,565 | INFO | [t=160.2] Dispatcher forwarded request from floor 3 to Elevator-1(floor=5, UP, people=0)
2025-05-24 15:38:43,565 | INFO | [t=160.2] Elevator-2(floor=0, UP, people=1) added new target floor 3
2025-05-24 15:38:43,565 | INFO | [t=160.2] Dispatcher forwarded request from floor 3 to Elevator-2(floor=0, UP, people=1)
2025-05-24 15:38:43,565 | INFO | [t=160.4] Elevator-1(floor=5, UP, people=0) next target updated to 3
2025-05-24 15:38:43,565 | INFO | [t=160.4] Elevator-1(floor=5, DOWN, people=0) no more UP targets, changing direction to DOWN
2025-05-24 15:38:43,565 | INFO | [t=160.4] Elevator-1(floor=5, DOWN, people=0) moving DOWN from floor 5 to floor 4 (target: 3)
2025-05-24 15:38:43,566 | INFO | [t=160.5] Elevator-0(floor=5, UP, people=0) next target updated to 3
2025-05-24 15:38:43,566 | INFO | [t=160.5] Elevator-0(floor=5, DOWN, people=0) no more UP targets, changing direction to DOWN
2025-05-24 15:38:43,566 | INFO | [t=160.5] Elevator-0(floor=5, DOWN, people=0) moving DOWN from floor 5 to floor 4 (target: 3)
2025-05-24 15:38:43,566 | INFO | [t=160.9] Elevator-2(floor=1, UP, people=1) next target updated to 3
2025-05-24 15:38:43,566 | INFO | [t=160.9] Elevator-2(floor=1, UP, people=1) moving UP from floor 1 to floor 2 (target: 3)
2025-05-24 15:38:44,247 | INFO | [t=161.6] Elevator-1(floor=4, DOWN, people=0) moving DOWN from floor 4 to floor 3 (target: 3)
2025-05-24 15:38:44,247 | INFO | [t=161.7] Elevator-0(floor=4, DOWN, people=0) moving DOWN from floor 4 to floor 3 (target: 3)
2025-05-24 15:38:44,916 | INFO | [t=162.1] Elevator-2(floor=2, UP, people=1) moving UP from floor 2 to floor 3 (target: 3)
2025-05-24 15:38:44,916 | INFO | [t=162.8] Elevator-1(floor=3, DOWN, people=0) reached target floor 3
2025-05-24 15:38:44,916 | INFO | [t=162.8] Elevator-1(floor=3, DOWN, people=0) stopping at floor 3
2025-05-24 15:38:44,917 | INFO | [t=162.8] Elevator-1(floor=3, DOWN, people=1) added new target floor 8
2025-05-24 15:38:44,917 | INFO | [t=162.8] Person-9(start=0, target=8, now=3) entered Elevator-1(floor=3, DOWN, people=1) at floor 3, target=8 (waited 2.8s)
2025-05-24 15:38:44,917 | INFO | [t=162.9] Elevator-0(floor=3, DOWN, people=0) reached target floor 3
2025-05-24 15:38:44,917 | INFO | [t=162.9] Elevator-0(floor=3, DOWN, people=0) stopping at floor 3
2025-05-24 15:38:45,587 | INFO | [t=163.3] Elevator-1(floor=3, DOWN, people=1) next target updated to 0
2025-05-24 15:38:45,587 | INFO | [t=163.3] Elevator-1(floor=3, DOWN, people=1) moving DOWN from floor 3 to floor 2 (target: 0)
2025-05-24 15:38:45,587 | INFO | [t=163.3] Elevator-2(floor=3, UP, people=1) reached target floor 3
2025-05-24 15:38:45,587 | INFO | [t=163.3] Elevator-2(floor=3, UP, people=1) stopping at floor 3
2025-05-24 15:38:45,587 | INFO | [t=163.4] Elevator-0(floor=3, DOWN, people=0) next target updated to 0
2025-05-24 15:38:45,588 | INFO | [t=163.4] Elevator-0(floor=3, DOWN, people=0) moving DOWN from floor 3 to floor 2 (target: 0)
2025-05-24 15:38:45,588 | INFO | [t=163.8] Elevator-2(floor=3, UP, people=1) next target updated to 9
2025-05-24 15:38:45,588 | INFO | [t=163.8] Elevator-2(floor=3, UP, people=1) moving UP from floor 3 to floor 4 (target: 9)
2025-05-24 15:38:46,254 | INFO | [t=164.5] Elevator-1(floor=2, DOWN, people=1) moving DOWN from floor 2 to floor 1 (target: 0)
2025-05-24 15:38:46,254 | INFO | [t=164.6] Elevator-0(floor=2, DOWN, people=0) moving DOWN from floor 2 to floor 1 (target: 0)
2025-05-24 15:38:46,934 | INFO | [t=165.0] Elevator-2(floor=4, UP, people=1) moving UP from floor 4 to floor 5 (target: 9)
2025-05-24 15:38:46,934 | INFO | [t=165.2] NEUE Person-15(start=0, target=6, now=0) spawnt im EG, Ziel=6
2025-05-24 15:38:46,935 | INFO | [t=165.7] Elevator-1(floor=1, DOWN, people=1) moving DOWN from floor 1 to floor 0 (target: 0)
2025-05-24 15:38:46,935 | INFO | [t=165.8] Elevator-0(floor=1, DOWN, people=0) moving DOWN from floor 1 to floor 0 (target: 0)
2025-05-24 15:38:47,647 | INFO | [t=166.2] Elevator-2(floor=5, UP, people=1) moving UP from floor 5 to floor 6 (target: 9)
2025-05-24 15:38:47,647 | INFO | [t=166.7] Elevator-1(floor=0, UP, people=1) hit bottom floor, reversing direction to UP
2025-05-24 15:38:47,647 | INFO | [t=166.8] Elevator-0(floor=0, IDLE, people=0) hit bottom floor with no more targets, going IDLE
2025-05-24 15:38:47,648 | INFO | [t=166.9] Elevator-1(floor=0, UP, people=1) reached target floor 0
2025-05-24 15:38:47,648 | INFO | [t=166.9] Elevator-1(floor=0, UP, people=1) stopping at floor 0
2025-05-24 15:38:47,648 | INFO | [t=166.9] Elevator-1(floor=0, UP, people=2) added new target floor 3
2025-05-24 15:38:47,648 | INFO | [t=166.9] Person-14(start=0, target=3, now=0) entered Elevator-1(floor=0, UP, people=2) at floor 0, target=3 (waited 7.4s)
2025-05-24 15:38:47,648 | INFO | [t=166.9] Elevator-1(floor=0, UP, people=3) added new target floor 6
2025-05-24 15:38:47,648 | INFO | [t=166.9] Person-15(start=0, target=6, now=0) entered Elevator-1(floor=0, UP, people=3) at floor 0, target=6 (waited 1.7s)
2025-05-24 15:38:48,318 | INFO | [t=167.0] Elevator-0(floor=0, IDLE, people=0) reached target floor 0
2025-05-24 15:38:48,318 | INFO | [t=167.0] Elevator-0(floor=0, IDLE, people=0) stopping at floor 0
2025-05-24 15:38:48,318 | INFO | [t=167.4] Elevator-1(floor=0, UP, people=3) next target updated to 3
2025-05-24 15:38:48,318 | INFO | [t=167.4] Elevator-1(floor=0, UP, people=3) moving UP from floor 0 to floor 1 (target: 3)
2025-05-24 15:38:48,319 | INFO | [t=167.4] Elevator-2(floor=6, UP, people=1) moving UP from floor 6 to floor 7 (target: 9)
2025-05-24 15:38:48,319 | INFO | [t=167.5] Elevator-0(floor=0, IDLE, people=0) has no next target, setting direction to IDLE
2025-05-24 15:38:48,319 | INFO | [t=167.5] Elevator-0(floor=0, IDLE, people=0) has no next target, staying on floor 0
2025-05-24 15:38:48,985 | INFO | [t=168.6] Elevator-1(floor=1, UP, people=3) moving UP from floor 1 to floor 2 (target: 3)
2025-05-24 15:38:48,985 | INFO | [t=168.6] Elevator-2(floor=7, UP, people=1) moving UP from floor 7 to floor 8 (target: 9)
2025-05-24 15:38:49,652 | INFO | [t=169.8] Elevator-1(floor=2, UP, people=3) moving UP from floor 2 to floor 3 (target: 3)
2025-05-24 15:38:49,652 | INFO | [t=169.8] Elevator-2(floor=8, UP, people=1) moving UP from floor 8 to floor 9 (target: 9)
2025-05-24 15:38:50,337 | INFO | [t=170.0] Person-3(start=0, target=6, now=7) auf Floor-7 wählt neues Ziel 6 (DOWN).
2025-05-24 15:38:50,337 | INFO | [t=170.2] Elevator-0(floor=0, IDLE, people=0) added new target floor 7
2025-05-24 15:38:50,337 | INFO | [t=170.2] Dispatcher forwarded request from floor 7 to Elevator-0(floor=0, IDLE, people=0)
2025-05-24 15:38:50,337 | INFO | [t=170.2] Elevator-1(floor=2, UP, people=3) added new target floor 7
2025-05-24 15:38:50,337 | INFO | [t=170.2] Dispatcher forwarded request from floor 7 to Elevator-1(floor=2, UP, people=3)
2025-05-24 15:38:50,338 | INFO | [t=170.2] Elevator-2(floor=8, UP, people=1) added new target floor 7
2025-05-24 15:38:50,338 | INFO | [t=170.2] Dispatcher forwarded request from floor 7 to Elevator-2(floor=8, UP, people=1)
2025-05-24 15:38:50,338 | INFO | [t=170.3] Elevator-0(floor=0, IDLE, people=0) resumes from IDLE after 2.6s
2025-05-24 15:38:50,338 | INFO | [t=170.3] Elevator-0(floor=0, IDLE, people=0) next target updated to 7
2025-05-24 15:38:50,338 | INFO | [t=170.3] Elevator-0(floor=0, UP, people=0) was IDLE, setting direction to UP (current floor: 0, target: 7)
2025-05-24 15:38:50,338 | INFO | [t=170.3] Elevator-0(floor=0, UP, people=0) moving UP from floor 0 to floor 1 (target: 7)
2025-05-24 15:38:50,338 | INFO | [t=170.8] Elevator-2(floor=9, DOWN, people=1) hit top floor, reversing direction to DOWN
2025-05-24 15:38:51,023 | INFO | [t=171.0] Elevator-1(floor=3, UP, people=3) reached target floor 3
2025-05-24 15:38:51,023 | INFO | [t=171.0] Elevator-1(floor=3, UP, people=3) stopping at floor 3
2025-05-24 15:38:51,023 | INFO | [t=171.0] Elevator-2(floor=9, DOWN, people=1) reached target floor 9
2025-05-24 15:38:51,023 | INFO | [t=171.0] Elevator-2(floor=9, DOWN, people=1) stopping at floor 9
2025-05-24 15:38:51,024 | INFO | [t=171.0] Person-14(start=0, target=3, now=3) exited Elevator-1(floor=3, UP, people=2) at floor 3 (ride time: 4.1s)
2025-05-24 15:38:51,024 | INFO | [t=171.0] Person-5(start=0, target=9, now=9) exited Elevator-2(floor=9, DOWN, people=0) at floor 9 (ride time: 18.3s)
2025-05-24 15:38:51,024 | INFO | [t=171.5] Elevator-0(floor=1, UP, people=0) moving UP from floor 1 to floor 2 (target: 7)
2025-05-24 15:38:51,024 | INFO | [t=171.5] Elevator-1(floor=3, UP, people=2) next target updated to 6
2025-05-24 15:38:51,024 | INFO | [t=171.5] Elevator-1(floor=3, UP, people=2) moving UP from floor 3 to floor 4 (target: 6)
2025-05-24 15:38:51,024 | INFO | [t=171.5] Elevator-2(floor=9, DOWN, people=0) next target updated to 7
2025-05-24 15:38:51,024 | INFO | [t=171.5] Elevator-2(floor=9, DOWN, people=0) moving DOWN from floor 9 to floor 8 (target: 7)
2025-05-24 15:38:51,739 | INFO | [t=172.7] Elevator-0(floor=2, UP, people=0) moving UP from floor 2 to floor 3 (target: 7)
2025-05-24 15:38:51,739 | INFO | [t=172.7] Elevator-1(floor=4, UP, people=2) moving UP from floor 4 to floor 5 (target: 6)
2025-05-24 15:38:51,739 | INFO | [t=172.7] Elevator-2(floor=8, DOWN, people=0) moving DOWN from floor 8 to floor 7 (target: 7)
2025-05-24 15:38:52,399 | INFO | [t=173.2] NEUE Person-16(start=0, target=3, now=0) spawnt im EG, Ziel=3
2025-05-24 15:38:52,399 | INFO | [t=173.2] Elevator-0(floor=2, UP, people=0) added new target floor 0
2025-05-24 15:38:52,399 | INFO | [t=173.2] Dispatcher forwarded request from floor 0 to Elevator-0(floor=2, UP, people=0)
2025-05-24 15:38:52,399 | INFO | [t=173.2] Elevator-1(floor=4, UP, people=2) added new target floor 0
2025-05-24 15:38:52,399 | INFO | [t=173.2] Dispatcher forwarded request from floor 0 to Elevator-1(floor=4, UP, people=2)
2025-05-24 15:38:52,399 | INFO | [t=173.9] Elevator-0(floor=3, UP, people=0) moving UP from floor 3 to floor 4 (target: 7)
2025-05-24 15:38:52,399 | INFO | [t=173.9] Elevator-2(floor=7, DOWN, people=0) reached target floor 7
2025-05-24 15:38:52,399 | INFO | [t=173.9] Elevator-2(floor=7, DOWN, people=0) stopping at floor 7
2025-05-24 15:38:52,400 | INFO | [t=173.9] Elevator-1(floor=5, UP, people=2) moving UP from floor 5 to floor 6 (target: 6)
2025-05-24 15:38:52,400 | INFO | [t=173.9] Elevator-2(floor=7, DOWN, people=1) added new target floor 6
2025-05-24 15:38:52,400 | INFO | [t=173.9] Person-3(start=0, target=6, now=7) entered Elevator-2(floor=7, DOWN, people=1) at floor 7, target=6 (waited 3.9s)
2025-05-24 15:38:53,331 | INFO | [t=174.4] Elevator-2(floor=7, DOWN, people=1) next target updated to 6
2025-05-24 15:38:53,331 | INFO | [t=174.4] Elevator-2(floor=7, DOWN, people=1) moving DOWN from floor 7 to floor 6 (target: 6)
2025-05-24 15:38:54,044 | INFO | [t=175.1] Elevator-0(floor=4, UP, people=0) moving UP from floor 4 to floor 5 (target: 7)
2025-05-24 15:38:54,044 | INFO | [t=175.1] Elevator-1(floor=6, UP, people=2) reached target floor 6
2025-05-24 15:38:54,044 | INFO | [t=175.1] Elevator-1(floor=6, UP, people=2) stopping at floor 6
2025-05-24 15:38:54,044 | INFO | [t=175.1] Person-15(start=0, target=6, now=6) exited Elevator-1(floor=6, UP, people=1) at floor 6 (ride time: 8.2s)
2025-05-24 15:38:54,045 | INFO | [t=175.6] Elevator-1(floor=6, UP, people=1) next target updated to 7
2025-05-24 15:38:54,045 | INFO | [t=175.6] Elevator-1(floor=6, UP, people=1) moving UP from floor 6 to floor 7 (target: 7)
2025-05-24 15:38:54,045 | INFO | [t=175.6] Elevator-2(floor=6, DOWN, people=1) reached target floor 6
2025-05-24 15:38:54,045 | INFO | [t=175.6] Elevator-2(floor=6, DOWN, people=1) stopping at floor 6
2025-05-24 15:38:54,045 | INFO | [t=175.6] Person-3(start=0, target=6, now=6) exited Elevator-2(floor=6, DOWN, people=0) at floor 6 (ride time: 1.7s)
